[2024-11-25 10:37:27] local.ERROR: SQLSTATE[HY000] [1045] Access denied for user 'root'@'localhost' (using password: NO) (Connection: mysql, SQL: select * from `sessions` where `id` = jYwAfVEdrNRryuqPGMU1WWF0ICFaTmCRrWXz8fio limit 1) {"exception":"[object] (Illuminate\\Database\\QueryException(code: 1045): SQLSTATE[HY000] [1045] Access denied for user 'root'@'localhost' (using password: NO) (Connection: mysql, SQL: select * from `sessions` where `id` = jYwAfVEdrNRryuqPGMU1WWF0ICFaTmCRrWXz8fio limit 1) at /media/pc_2/D4125A97125A7F04/wamp64/www/driving-car/driving-car-training-system/vendor/laravel/framework/src/Illuminate/Database/Connection.php:825)
[stacktrace]
#0 /media/pc_2/D4125A97125A7F04/wamp64/www/driving-car/driving-car-training-system/vendor/laravel/framework/src/Illuminate/Database/Connection.php(779): Illuminate\\Database\\Connection->runQueryCallback()
#1 /media/pc_2/D4125A97125A7F04/wamp64/www/driving-car/driving-car-training-system/vendor/laravel/framework/src/Illuminate/Database/Connection.php(398): Illuminate\\Database\\Connection->run()
#2 /media/pc_2/D4125A97125A7F04/wamp64/www/driving-car/driving-car-training-system/vendor/laravel/framework/src/Illuminate/Database/Query/Builder.php(3130): Illuminate\\Database\\Connection->select()
#3 /media/pc_2/D4125A97125A7F04/wamp64/www/driving-car/driving-car-training-system/vendor/laravel/framework/src/Illuminate/Database/Query/Builder.php(3115): Illuminate\\Database\\Query\\Builder->runSelect()
#4 /media/pc_2/D4125A97125A7F04/wamp64/www/driving-car/driving-car-training-system/vendor/laravel/framework/src/Illuminate/Database/Query/Builder.php(3703): Illuminate\\Database\\Query\\Builder->Illuminate\\Database\\Query\\{closure}()
#5 /media/pc_2/D4125A97125A7F04/wamp64/www/driving-car/driving-car-training-system/vendor/laravel/framework/src/Illuminate/Database/Query/Builder.php(3114): Illuminate\\Database\\Query\\Builder->onceWithColumns()
#6 /media/pc_2/D4125A97125A7F04/wamp64/www/driving-car/driving-car-training-system/vendor/laravel/framework/src/Illuminate/Database/Concerns/BuildsQueries.php(344): Illuminate\\Database\\Query\\Builder->get()
#7 /media/pc_2/D4125A97125A7F04/wamp64/www/driving-car/driving-car-training-system/vendor/laravel/framework/src/Illuminate/Database/Query/Builder.php(3035): Illuminate\\Database\\Query\\Builder->first()
#8 /media/pc_2/D4125A97125A7F04/wamp64/www/driving-car/driving-car-training-system/vendor/laravel/framework/src/Illuminate/Session/DatabaseSessionHandler.php(97): Illuminate\\Database\\Query\\Builder->find()
#9 /media/pc_2/D4125A97125A7F04/wamp64/www/driving-car/driving-car-training-system/vendor/laravel/framework/src/Illuminate/Session/Store.php(113): Illuminate\\Session\\DatabaseSessionHandler->read()
#10 /media/pc_2/D4125A97125A7F04/wamp64/www/driving-car/driving-car-training-system/vendor/laravel/framework/src/Illuminate/Session/Store.php(101): Illuminate\\Session\\Store->readFromHandler()
#11 /media/pc_2/D4125A97125A7F04/wamp64/www/driving-car/driving-car-training-system/vendor/laravel/framework/src/Illuminate/Session/Store.php(85): Illuminate\\Session\\Store->loadSession()
#12 /media/pc_2/D4125A97125A7F04/wamp64/www/driving-car/driving-car-training-system/vendor/laravel/framework/src/Illuminate/Session/Middleware/StartSession.php(147): Illuminate\\Session\\Store->start()
#13 /media/pc_2/D4125A97125A7F04/wamp64/www/driving-car/driving-car-training-system/vendor/laravel/framework/src/Illuminate/Support/helpers.php(380): Illuminate\\Session\\Middleware\\StartSession->Illuminate\\Session\\Middleware\\{closure}()
#14 /media/pc_2/D4125A97125A7F04/wamp64/www/driving-car/driving-car-training-system/vendor/laravel/framework/src/Illuminate/Session/Middleware/StartSession.php(144): tap()
#15 /media/pc_2/D4125A97125A7F04/wamp64/www/driving-car/driving-car-training-system/vendor/laravel/framework/src/Illuminate/Session/Middleware/StartSession.php(116): Illuminate\\Session\\Middleware\\StartSession->startSession()
#16 /media/pc_2/D4125A97125A7F04/wamp64/www/driving-car/driving-car-training-system/vendor/laravel/framework/src/Illuminate/Session/Middleware/StartSession.php(64): Illuminate\\Session\\Middleware\\StartSession->handleStatefulRequest()
#17 /media/pc_2/D4125A97125A7F04/wamp64/www/driving-car/driving-car-training-system/vendor/laravel/framework/src/Illuminate/Pipeline/Pipeline.php(183): Illuminate\\Session\\Middleware\\StartSession->handle()
#18 /media/pc_2/D4125A97125A7F04/wamp64/www/driving-car/driving-car-training-system/vendor/laravel/framework/src/Illuminate/Cookie/Middleware/AddQueuedCookiesToResponse.php(37): Illuminate\\Pipeline\\Pipeline->Illuminate\\Pipeline\\{closure}()
#19 /media/pc_2/D4125A97125A7F04/wamp64/www/driving-car/driving-car-training-system/vendor/laravel/framework/src/Illuminate/Pipeline/Pipeline.php(183): Illuminate\\Cookie\\Middleware\\AddQueuedCookiesToResponse->handle()
#20 /media/pc_2/D4125A97125A7F04/wamp64/www/driving-car/driving-car-training-system/vendor/laravel/framework/src/Illuminate/Cookie/Middleware/EncryptCookies.php(75): Illuminate\\Pipeline\\Pipeline->Illuminate\\Pipeline\\{closure}()
#21 /media/pc_2/D4125A97125A7F04/wamp64/www/driving-car/driving-car-training-system/vendor/laravel/framework/src/Illuminate/Pipeline/Pipeline.php(183): Illuminate\\Cookie\\Middleware\\EncryptCookies->handle()
#22 /media/pc_2/D4125A97125A7F04/wamp64/www/driving-car/driving-car-training-system/vendor/laravel/framework/src/Illuminate/Pipeline/Pipeline.php(119): Illuminate\\Pipeline\\Pipeline->Illuminate\\Pipeline\\{closure}()
#23 /media/pc_2/D4125A97125A7F04/wamp64/www/driving-car/driving-car-training-system/vendor/laravel/framework/src/Illuminate/Routing/Router.php(807): Illuminate\\Pipeline\\Pipeline->then()
#24 /media/pc_2/D4125A97125A7F04/wamp64/www/driving-car/driving-car-training-system/vendor/laravel/framework/src/Illuminate/Routing/Router.php(786): Illuminate\\Routing\\Router->runRouteWithinStack()
#25 /media/pc_2/D4125A97125A7F04/wamp64/www/driving-car/driving-car-training-system/vendor/laravel/framework/src/Illuminate/Routing/Router.php(750): Illuminate\\Routing\\Router->runRoute()
#26 /media/pc_2/D4125A97125A7F04/wamp64/www/driving-car/driving-car-training-system/vendor/laravel/framework/src/Illuminate/Routing/Router.php(739): Illuminate\\Routing\\Router->dispatchToRoute()
#27 /media/pc_2/D4125A97125A7F04/wamp64/www/driving-car/driving-car-training-system/vendor/laravel/framework/src/Illuminate/Foundation/Http/Kernel.php(201): Illuminate\\Routing\\Router->dispatch()
#28 /media/pc_2/D4125A97125A7F04/wamp64/www/driving-car/driving-car-training-system/vendor/laravel/framework/src/Illuminate/Pipeline/Pipeline.php(144): Illuminate\\Foundation\\Http\\Kernel->Illuminate\\Foundation\\Http\\{closure}()
#29 /media/pc_2/D4125A97125A7F04/wamp64/www/driving-car/driving-car-training-system/vendor/laravel/framework/src/Illuminate/Foundation/Http/Middleware/TransformsRequest.php(21): Illuminate\\Pipeline\\Pipeline->Illuminate\\Pipeline\\{closure}()
#30 /media/pc_2/D4125A97125A7F04/wamp64/www/driving-car/driving-car-training-system/vendor/laravel/framework/src/Illuminate/Foundation/Http/Middleware/ConvertEmptyStringsToNull.php(31): Illuminate\\Foundation\\Http\\Middleware\\TransformsRequest->handle()
#31 /media/pc_2/D4125A97125A7F04/wamp64/www/driving-car/driving-car-training-system/vendor/laravel/framework/src/Illuminate/Pipeline/Pipeline.php(183): Illuminate\\Foundation\\Http\\Middleware\\ConvertEmptyStringsToNull->handle()
#32 /media/pc_2/D4125A97125A7F04/wamp64/www/driving-car/driving-car-training-system/vendor/laravel/framework/src/Illuminate/Foundation/Http/Middleware/TransformsRequest.php(21): Illuminate\\Pipeline\\Pipeline->Illuminate\\Pipeline\\{closure}()
#33 /media/pc_2/D4125A97125A7F04/wamp64/www/driving-car/driving-car-training-system/vendor/laravel/framework/src/Illuminate/Foundation/Http/Middleware/TrimStrings.php(51): Illuminate\\Foundation\\Http\\Middleware\\TransformsRequest->handle()
#34 /media/pc_2/D4125A97125A7F04/wamp64/www/driving-car/driving-car-training-system/vendor/laravel/framework/src/Illuminate/Pipeline/Pipeline.php(183): Illuminate\\Foundation\\Http\\Middleware\\TrimStrings->handle()
#35 /media/pc_2/D4125A97125A7F04/wamp64/www/driving-car/driving-car-training-system/vendor/laravel/framework/src/Illuminate/Http/Middleware/ValidatePostSize.php(27): Illuminate\\Pipeline\\Pipeline->Illuminate\\Pipeline\\{closure}()
#36 /media/pc_2/D4125A97125A7F04/wamp64/www/driving-car/driving-car-training-system/vendor/laravel/framework/src/Illuminate/Pipeline/Pipeline.php(183): Illuminate\\Http\\Middleware\\ValidatePostSize->handle()
#37 /media/pc_2/D4125A97125A7F04/wamp64/www/driving-car/driving-car-training-system/vendor/laravel/framework/src/Illuminate/Foundation/Http/Middleware/PreventRequestsDuringMaintenance.php(110): Illuminate\\Pipeline\\Pipeline->Illuminate\\Pipeline\\{closure}()
#38 /media/pc_2/D4125A97125A7F04/wamp64/www/driving-car/driving-car-training-system/vendor/laravel/framework/src/Illuminate/Pipeline/Pipeline.php(183): Illuminate\\Foundation\\Http\\Middleware\\PreventRequestsDuringMaintenance->handle()
#39 /media/pc_2/D4125A97125A7F04/wamp64/www/driving-car/driving-car-training-system/vendor/laravel/framework/src/Illuminate/Http/Middleware/HandleCors.php(49): Illuminate\\Pipeline\\Pipeline->Illuminate\\Pipeline\\{closure}()
#40 /media/pc_2/D4125A97125A7F04/wamp64/www/driving-car/driving-car-training-system/vendor/laravel/framework/src/Illuminate/Pipeline/Pipeline.php(183): Illuminate\\Http\\Middleware\\HandleCors->handle()
#41 /media/pc_2/D4125A97125A7F04/wamp64/www/driving-car/driving-car-training-system/vendor/laravel/framework/src/Illuminate/Http/Middleware/TrustProxies.php(58): Illuminate\\Pipeline\\Pipeline->Illuminate\\Pipeline\\{closure}()
#42 /media/pc_2/D4125A97125A7F04/wamp64/www/driving-car/driving-car-training-system/vendor/laravel/framework/src/Illuminate/Pipeline/Pipeline.php(183): Illuminate\\Http\\Middleware\\TrustProxies->handle()
#43 /media/pc_2/D4125A97125A7F04/wamp64/www/driving-car/driving-car-training-system/vendor/laravel/framework/src/Illuminate/Foundation/Http/Middleware/InvokeDeferredCallbacks.php(22): Illuminate\\Pipeline\\Pipeline->Illuminate\\Pipeline\\{closure}()
#44 /media/pc_2/D4125A97125A7F04/wamp64/www/driving-car/driving-car-training-system/vendor/laravel/framework/src/Illuminate/Pipeline/Pipeline.php(183): Illuminate\\Foundation\\Http\\Middleware\\InvokeDeferredCallbacks->handle()
#45 /media/pc_2/D4125A97125A7F04/wamp64/www/driving-car/driving-car-training-system/vendor/laravel/framework/src/Illuminate/Pipeline/Pipeline.php(119): Illuminate\\Pipeline\\Pipeline->Illuminate\\Pipeline\\{closure}()
#46 /media/pc_2/D4125A97125A7F04/wamp64/www/driving-car/driving-car-training-system/vendor/laravel/framework/src/Illuminate/Foundation/Http/Kernel.php(176): Illuminate\\Pipeline\\Pipeline->then()
#47 /media/pc_2/D4125A97125A7F04/wamp64/www/driving-car/driving-car-training-system/vendor/laravel/framework/src/Illuminate/Foundation/Http/Kernel.php(145): Illuminate\\Foundation\\Http\\Kernel->sendRequestThroughRouter()
#48 /media/pc_2/D4125A97125A7F04/wamp64/www/driving-car/driving-car-training-system/vendor/laravel/framework/src/Illuminate/Foundation/Application.php(1188): Illuminate\\Foundation\\Http\\Kernel->handle()
#49 /media/pc_2/D4125A97125A7F04/wamp64/www/driving-car/driving-car-training-system/public/index.php(22): Illuminate\\Foundation\\Application->handleRequest()
#50 /media/pc_2/D4125A97125A7F04/wamp64/www/driving-car/driving-car-training-system/vendor/laravel/framework/src/Illuminate/Foundation/resources/server.php(23): require_once('...')
#51 {main}

[previous exception] [object] (PDOException(code: 1045): SQLSTATE[HY000] [1045] Access denied for user 'root'@'localhost' (using password: NO) at /media/pc_2/D4125A97125A7F04/wamp64/www/driving-car/driving-car-training-system/vendor/laravel/framework/src/Illuminate/Database/Connectors/Connector.php:66)
[stacktrace]
#0 /media/pc_2/D4125A97125A7F04/wamp64/www/driving-car/driving-car-training-system/vendor/laravel/framework/src/Illuminate/Database/Connectors/Connector.php(66): PDO->__construct()
#1 /media/pc_2/D4125A97125A7F04/wamp64/www/driving-car/driving-car-training-system/vendor/laravel/framework/src/Illuminate/Database/Connectors/Connector.php(44): Illuminate\\Database\\Connectors\\Connector->createPdoConnection()
#2 /media/pc_2/D4125A97125A7F04/wamp64/www/driving-car/driving-car-training-system/vendor/laravel/framework/src/Illuminate/Database/Connectors/MySqlConnector.php(24): Illuminate\\Database\\Connectors\\Connector->createConnection()
#3 /media/pc_2/D4125A97125A7F04/wamp64/www/driving-car/driving-car-training-system/vendor/laravel/framework/src/Illuminate/Database/Connectors/ConnectionFactory.php(185): Illuminate\\Database\\Connectors\\MySqlConnector->connect()
#4 [internal function]: Illuminate\\Database\\Connectors\\ConnectionFactory->Illuminate\\Database\\Connectors\\{closure}()
#5 /media/pc_2/D4125A97125A7F04/wamp64/www/driving-car/driving-car-training-system/vendor/laravel/framework/src/Illuminate/Database/Connection.php(1231): call_user_func()
#6 /media/pc_2/D4125A97125A7F04/wamp64/www/driving-car/driving-car-training-system/vendor/laravel/framework/src/Illuminate/Database/Connection.php(1267): Illuminate\\Database\\Connection->getPdo()
#7 /media/pc_2/D4125A97125A7F04/wamp64/www/driving-car/driving-car-training-system/vendor/laravel/framework/src/Illuminate/Database/Connection.php(512): Illuminate\\Database\\Connection->getReadPdo()
#8 /media/pc_2/D4125A97125A7F04/wamp64/www/driving-car/driving-car-training-system/vendor/laravel/framework/src/Illuminate/Database/Connection.php(407): Illuminate\\Database\\Connection->getPdoForSelect()
#9 /media/pc_2/D4125A97125A7F04/wamp64/www/driving-car/driving-car-training-system/vendor/laravel/framework/src/Illuminate/Database/Connection.php(812): Illuminate\\Database\\Connection->Illuminate\\Database\\{closure}()
#10 /media/pc_2/D4125A97125A7F04/wamp64/www/driving-car/driving-car-training-system/vendor/laravel/framework/src/Illuminate/Database/Connection.php(779): Illuminate\\Database\\Connection->runQueryCallback()
#11 /media/pc_2/D4125A97125A7F04/wamp64/www/driving-car/driving-car-training-system/vendor/laravel/framework/src/Illuminate/Database/Connection.php(398): Illuminate\\Database\\Connection->run()
#12 /media/pc_2/D4125A97125A7F04/wamp64/www/driving-car/driving-car-training-system/vendor/laravel/framework/src/Illuminate/Database/Query/Builder.php(3130): Illuminate\\Database\\Connection->select()
#13 /media/pc_2/D4125A97125A7F04/wamp64/www/driving-car/driving-car-training-system/vendor/laravel/framework/src/Illuminate/Database/Query/Builder.php(3115): Illuminate\\Database\\Query\\Builder->runSelect()
#14 /media/pc_2/D4125A97125A7F04/wamp64/www/driving-car/driving-car-training-system/vendor/laravel/framework/src/Illuminate/Database/Query/Builder.php(3703): Illuminate\\Database\\Query\\Builder->Illuminate\\Database\\Query\\{closure}()
#15 /media/pc_2/D4125A97125A7F04/wamp64/www/driving-car/driving-car-training-system/vendor/laravel/framework/src/Illuminate/Database/Query/Builder.php(3114): Illuminate\\Database\\Query\\Builder->onceWithColumns()
#16 /media/pc_2/D4125A97125A7F04/wamp64/www/driving-car/driving-car-training-system/vendor/laravel/framework/src/Illuminate/Database/Concerns/BuildsQueries.php(344): Illuminate\\Database\\Query\\Builder->get()
#17 /media/pc_2/D4125A97125A7F04/wamp64/www/driving-car/driving-car-training-system/vendor/laravel/framework/src/Illuminate/Database/Query/Builder.php(3035): Illuminate\\Database\\Query\\Builder->first()
#18 /media/pc_2/D4125A97125A7F04/wamp64/www/driving-car/driving-car-training-system/vendor/laravel/framework/src/Illuminate/Session/DatabaseSessionHandler.php(97): Illuminate\\Database\\Query\\Builder->find()
#19 /media/pc_2/D4125A97125A7F04/wamp64/www/driving-car/driving-car-training-system/vendor/laravel/framework/src/Illuminate/Session/Store.php(113): Illuminate\\Session\\DatabaseSessionHandler->read()
#20 /media/pc_2/D4125A97125A7F04/wamp64/www/driving-car/driving-car-training-system/vendor/laravel/framework/src/Illuminate/Session/Store.php(101): Illuminate\\Session\\Store->readFromHandler()
#21 /media/pc_2/D4125A97125A7F04/wamp64/www/driving-car/driving-car-training-system/vendor/laravel/framework/src/Illuminate/Session/Store.php(85): Illuminate\\Session\\Store->loadSession()
#22 /media/pc_2/D4125A97125A7F04/wamp64/www/driving-car/driving-car-training-system/vendor/laravel/framework/src/Illuminate/Session/Middleware/StartSession.php(147): Illuminate\\Session\\Store->start()
#23 /media/pc_2/D4125A97125A7F04/wamp64/www/driving-car/driving-car-training-system/vendor/laravel/framework/src/Illuminate/Support/helpers.php(380): Illuminate\\Session\\Middleware\\StartSession->Illuminate\\Session\\Middleware\\{closure}()
#24 /media/pc_2/D4125A97125A7F04/wamp64/www/driving-car/driving-car-training-system/vendor/laravel/framework/src/Illuminate/Session/Middleware/StartSession.php(144): tap()
#25 /media/pc_2/D4125A97125A7F04/wamp64/www/driving-car/driving-car-training-system/vendor/laravel/framework/src/Illuminate/Session/Middleware/StartSession.php(116): Illuminate\\Session\\Middleware\\StartSession->startSession()
#26 /media/pc_2/D4125A97125A7F04/wamp64/www/driving-car/driving-car-training-system/vendor/laravel/framework/src/Illuminate/Session/Middleware/StartSession.php(64): Illuminate\\Session\\Middleware\\StartSession->handleStatefulRequest()
#27 /media/pc_2/D4125A97125A7F04/wamp64/www/driving-car/driving-car-training-system/vendor/laravel/framework/src/Illuminate/Pipeline/Pipeline.php(183): Illuminate\\Session\\Middleware\\StartSession->handle()
#28 /media/pc_2/D4125A97125A7F04/wamp64/www/driving-car/driving-car-training-system/vendor/laravel/framework/src/Illuminate/Cookie/Middleware/AddQueuedCookiesToResponse.php(37): Illuminate\\Pipeline\\Pipeline->Illuminate\\Pipeline\\{closure}()
#29 /media/pc_2/D4125A97125A7F04/wamp64/www/driving-car/driving-car-training-system/vendor/laravel/framework/src/Illuminate/Pipeline/Pipeline.php(183): Illuminate\\Cookie\\Middleware\\AddQueuedCookiesToResponse->handle()
#30 /media/pc_2/D4125A97125A7F04/wamp64/www/driving-car/driving-car-training-system/vendor/laravel/framework/src/Illuminate/Cookie/Middleware/EncryptCookies.php(75): Illuminate\\Pipeline\\Pipeline->Illuminate\\Pipeline\\{closure}()
#31 /media/pc_2/D4125A97125A7F04/wamp64/www/driving-car/driving-car-training-system/vendor/laravel/framework/src/Illuminate/Pipeline/Pipeline.php(183): Illuminate\\Cookie\\Middleware\\EncryptCookies->handle()
#32 /media/pc_2/D4125A97125A7F04/wamp64/www/driving-car/driving-car-training-system/vendor/laravel/framework/src/Illuminate/Pipeline/Pipeline.php(119): Illuminate\\Pipeline\\Pipeline->Illuminate\\Pipeline\\{closure}()
#33 /media/pc_2/D4125A97125A7F04/wamp64/www/driving-car/driving-car-training-system/vendor/laravel/framework/src/Illuminate/Routing/Router.php(807): Illuminate\\Pipeline\\Pipeline->then()
#34 /media/pc_2/D4125A97125A7F04/wamp64/www/driving-car/driving-car-training-system/vendor/laravel/framework/src/Illuminate/Routing/Router.php(786): Illuminate\\Routing\\Router->runRouteWithinStack()
#35 /media/pc_2/D4125A97125A7F04/wamp64/www/driving-car/driving-car-training-system/vendor/laravel/framework/src/Illuminate/Routing/Router.php(750): Illuminate\\Routing\\Router->runRoute()
#36 /media/pc_2/D4125A97125A7F04/wamp64/www/driving-car/driving-car-training-system/vendor/laravel/framework/src/Illuminate/Routing/Router.php(739): Illuminate\\Routing\\Router->dispatchToRoute()
#37 /media/pc_2/D4125A97125A7F04/wamp64/www/driving-car/driving-car-training-system/vendor/laravel/framework/src/Illuminate/Foundation/Http/Kernel.php(201): Illuminate\\Routing\\Router->dispatch()
#38 /media/pc_2/D4125A97125A7F04/wamp64/www/driving-car/driving-car-training-system/vendor/laravel/framework/src/Illuminate/Pipeline/Pipeline.php(144): Illuminate\\Foundation\\Http\\Kernel->Illuminate\\Foundation\\Http\\{closure}()
#39 /media/pc_2/D4125A97125A7F04/wamp64/www/driving-car/driving-car-training-system/vendor/laravel/framework/src/Illuminate/Foundation/Http/Middleware/TransformsRequest.php(21): Illuminate\\Pipeline\\Pipeline->Illuminate\\Pipeline\\{closure}()
#40 /media/pc_2/D4125A97125A7F04/wamp64/www/driving-car/driving-car-training-system/vendor/laravel/framework/src/Illuminate/Foundation/Http/Middleware/ConvertEmptyStringsToNull.php(31): Illuminate\\Foundation\\Http\\Middleware\\TransformsRequest->handle()
#41 /media/pc_2/D4125A97125A7F04/wamp64/www/driving-car/driving-car-training-system/vendor/laravel/framework/src/Illuminate/Pipeline/Pipeline.php(183): Illuminate\\Foundation\\Http\\Middleware\\ConvertEmptyStringsToNull->handle()
#42 /media/pc_2/D4125A97125A7F04/wamp64/www/driving-car/driving-car-training-system/vendor/laravel/framework/src/Illuminate/Foundation/Http/Middleware/TransformsRequest.php(21): Illuminate\\Pipeline\\Pipeline->Illuminate\\Pipeline\\{closure}()
#43 /media/pc_2/D4125A97125A7F04/wamp64/www/driving-car/driving-car-training-system/vendor/laravel/framework/src/Illuminate/Foundation/Http/Middleware/TrimStrings.php(51): Illuminate\\Foundation\\Http\\Middleware\\TransformsRequest->handle()
#44 /media/pc_2/D4125A97125A7F04/wamp64/www/driving-car/driving-car-training-system/vendor/laravel/framework/src/Illuminate/Pipeline/Pipeline.php(183): Illuminate\\Foundation\\Http\\Middleware\\TrimStrings->handle()
#45 /media/pc_2/D4125A97125A7F04/wamp64/www/driving-car/driving-car-training-system/vendor/laravel/framework/src/Illuminate/Http/Middleware/ValidatePostSize.php(27): Illuminate\\Pipeline\\Pipeline->Illuminate\\Pipeline\\{closure}()
#46 /media/pc_2/D4125A97125A7F04/wamp64/www/driving-car/driving-car-training-system/vendor/laravel/framework/src/Illuminate/Pipeline/Pipeline.php(183): Illuminate\\Http\\Middleware\\ValidatePostSize->handle()
#47 /media/pc_2/D4125A97125A7F04/wamp64/www/driving-car/driving-car-training-system/vendor/laravel/framework/src/Illuminate/Foundation/Http/Middleware/PreventRequestsDuringMaintenance.php(110): Illuminate\\Pipeline\\Pipeline->Illuminate\\Pipeline\\{closure}()
#48 /media/pc_2/D4125A97125A7F04/wamp64/www/driving-car/driving-car-training-system/vendor/laravel/framework/src/Illuminate/Pipeline/Pipeline.php(183): Illuminate\\Foundation\\Http\\Middleware\\PreventRequestsDuringMaintenance->handle()
#49 /media/pc_2/D4125A97125A7F04/wamp64/www/driving-car/driving-car-training-system/vendor/laravel/framework/src/Illuminate/Http/Middleware/HandleCors.php(49): Illuminate\\Pipeline\\Pipeline->Illuminate\\Pipeline\\{closure}()
#50 /media/pc_2/D4125A97125A7F04/wamp64/www/driving-car/driving-car-training-system/vendor/laravel/framework/src/Illuminate/Pipeline/Pipeline.php(183): Illuminate\\Http\\Middleware\\HandleCors->handle()
#51 /media/pc_2/D4125A97125A7F04/wamp64/www/driving-car/driving-car-training-system/vendor/laravel/framework/src/Illuminate/Http/Middleware/TrustProxies.php(58): Illuminate\\Pipeline\\Pipeline->Illuminate\\Pipeline\\{closure}()
#52 /media/pc_2/D4125A97125A7F04/wamp64/www/driving-car/driving-car-training-system/vendor/laravel/framework/src/Illuminate/Pipeline/Pipeline.php(183): Illuminate\\Http\\Middleware\\TrustProxies->handle()
#53 /media/pc_2/D4125A97125A7F04/wamp64/www/driving-car/driving-car-training-system/vendor/laravel/framework/src/Illuminate/Foundation/Http/Middleware/InvokeDeferredCallbacks.php(22): Illuminate\\Pipeline\\Pipeline->Illuminate\\Pipeline\\{closure}()
#54 /media/pc_2/D4125A97125A7F04/wamp64/www/driving-car/driving-car-training-system/vendor/laravel/framework/src/Illuminate/Pipeline/Pipeline.php(183): Illuminate\\Foundation\\Http\\Middleware\\InvokeDeferredCallbacks->handle()
#55 /media/pc_2/D4125A97125A7F04/wamp64/www/driving-car/driving-car-training-system/vendor/laravel/framework/src/Illuminate/Pipeline/Pipeline.php(119): Illuminate\\Pipeline\\Pipeline->Illuminate\\Pipeline\\{closure}()
#56 /media/pc_2/D4125A97125A7F04/wamp64/www/driving-car/driving-car-training-system/vendor/laravel/framework/src/Illuminate/Foundation/Http/Kernel.php(176): Illuminate\\Pipeline\\Pipeline->then()
#57 /media/pc_2/D4125A97125A7F04/wamp64/www/driving-car/driving-car-training-system/vendor/laravel/framework/src/Illuminate/Foundation/Http/Kernel.php(145): Illuminate\\Foundation\\Http\\Kernel->sendRequestThroughRouter()
#58 /media/pc_2/D4125A97125A7F04/wamp64/www/driving-car/driving-car-training-system/vendor/laravel/framework/src/Illuminate/Foundation/Application.php(1188): Illuminate\\Foundation\\Http\\Kernel->handle()
#59 /media/pc_2/D4125A97125A7F04/wamp64/www/driving-car/driving-car-training-system/public/index.php(22): Illuminate\\Foundation\\Application->handleRequest()
#60 /media/pc_2/D4125A97125A7F04/wamp64/www/driving-car/driving-car-training-system/vendor/laravel/framework/src/Illuminate/Foundation/resources/server.php(23): require_once('...')
#61 {main}
"} 
[2024-11-25 10:37:59] local.ERROR: SQLSTATE[HY000] [1045] Access denied for user 'root'@'localhost' (using password: NO) (Connection: mysql, SQL: select * from `sessions` where `id` = EWXPmt25ARXfPcwO18oUMo1pNkLi3dwi2wR5w0fU limit 1) {"exception":"[object] (Illuminate\\Database\\QueryException(code: 1045): SQLSTATE[HY000] [1045] Access denied for user 'root'@'localhost' (using password: NO) (Connection: mysql, SQL: select * from `sessions` where `id` = EWXPmt25ARXfPcwO18oUMo1pNkLi3dwi2wR5w0fU limit 1) at /media/pc_2/D4125A97125A7F04/wamp64/www/driving-car/driving-car-training-system/vendor/laravel/framework/src/Illuminate/Database/Connection.php:825)
[stacktrace]
#0 /media/pc_2/D4125A97125A7F04/wamp64/www/driving-car/driving-car-training-system/vendor/laravel/framework/src/Illuminate/Database/Connection.php(779): Illuminate\\Database\\Connection->runQueryCallback()
#1 /media/pc_2/D4125A97125A7F04/wamp64/www/driving-car/driving-car-training-system/vendor/laravel/framework/src/Illuminate/Database/Connection.php(398): Illuminate\\Database\\Connection->run()
#2 /media/pc_2/D4125A97125A7F04/wamp64/www/driving-car/driving-car-training-system/vendor/laravel/framework/src/Illuminate/Database/Query/Builder.php(3130): Illuminate\\Database\\Connection->select()
#3 /media/pc_2/D4125A97125A7F04/wamp64/www/driving-car/driving-car-training-system/vendor/laravel/framework/src/Illuminate/Database/Query/Builder.php(3115): Illuminate\\Database\\Query\\Builder->runSelect()
#4 /media/pc_2/D4125A97125A7F04/wamp64/www/driving-car/driving-car-training-system/vendor/laravel/framework/src/Illuminate/Database/Query/Builder.php(3703): Illuminate\\Database\\Query\\Builder->Illuminate\\Database\\Query\\{closure}()
#5 /media/pc_2/D4125A97125A7F04/wamp64/www/driving-car/driving-car-training-system/vendor/laravel/framework/src/Illuminate/Database/Query/Builder.php(3114): Illuminate\\Database\\Query\\Builder->onceWithColumns()
#6 /media/pc_2/D4125A97125A7F04/wamp64/www/driving-car/driving-car-training-system/vendor/laravel/framework/src/Illuminate/Database/Concerns/BuildsQueries.php(344): Illuminate\\Database\\Query\\Builder->get()
#7 /media/pc_2/D4125A97125A7F04/wamp64/www/driving-car/driving-car-training-system/vendor/laravel/framework/src/Illuminate/Database/Query/Builder.php(3035): Illuminate\\Database\\Query\\Builder->first()
#8 /media/pc_2/D4125A97125A7F04/wamp64/www/driving-car/driving-car-training-system/vendor/laravel/framework/src/Illuminate/Session/DatabaseSessionHandler.php(97): Illuminate\\Database\\Query\\Builder->find()
#9 /media/pc_2/D4125A97125A7F04/wamp64/www/driving-car/driving-car-training-system/vendor/laravel/framework/src/Illuminate/Session/Store.php(113): Illuminate\\Session\\DatabaseSessionHandler->read()
#10 /media/pc_2/D4125A97125A7F04/wamp64/www/driving-car/driving-car-training-system/vendor/laravel/framework/src/Illuminate/Session/Store.php(101): Illuminate\\Session\\Store->readFromHandler()
#11 /media/pc_2/D4125A97125A7F04/wamp64/www/driving-car/driving-car-training-system/vendor/laravel/framework/src/Illuminate/Session/Store.php(85): Illuminate\\Session\\Store->loadSession()
#12 /media/pc_2/D4125A97125A7F04/wamp64/www/driving-car/driving-car-training-system/vendor/laravel/framework/src/Illuminate/Session/Middleware/StartSession.php(147): Illuminate\\Session\\Store->start()
#13 /media/pc_2/D4125A97125A7F04/wamp64/www/driving-car/driving-car-training-system/vendor/laravel/framework/src/Illuminate/Support/helpers.php(380): Illuminate\\Session\\Middleware\\StartSession->Illuminate\\Session\\Middleware\\{closure}()
#14 /media/pc_2/D4125A97125A7F04/wamp64/www/driving-car/driving-car-training-system/vendor/laravel/framework/src/Illuminate/Session/Middleware/StartSession.php(144): tap()
#15 /media/pc_2/D4125A97125A7F04/wamp64/www/driving-car/driving-car-training-system/vendor/laravel/framework/src/Illuminate/Session/Middleware/StartSession.php(116): Illuminate\\Session\\Middleware\\StartSession->startSession()
#16 /media/pc_2/D4125A97125A7F04/wamp64/www/driving-car/driving-car-training-system/vendor/laravel/framework/src/Illuminate/Session/Middleware/StartSession.php(64): Illuminate\\Session\\Middleware\\StartSession->handleStatefulRequest()
#17 /media/pc_2/D4125A97125A7F04/wamp64/www/driving-car/driving-car-training-system/vendor/laravel/framework/src/Illuminate/Pipeline/Pipeline.php(183): Illuminate\\Session\\Middleware\\StartSession->handle()
#18 /media/pc_2/D4125A97125A7F04/wamp64/www/driving-car/driving-car-training-system/vendor/laravel/framework/src/Illuminate/Cookie/Middleware/AddQueuedCookiesToResponse.php(37): Illuminate\\Pipeline\\Pipeline->Illuminate\\Pipeline\\{closure}()
#19 /media/pc_2/D4125A97125A7F04/wamp64/www/driving-car/driving-car-training-system/vendor/laravel/framework/src/Illuminate/Pipeline/Pipeline.php(183): Illuminate\\Cookie\\Middleware\\AddQueuedCookiesToResponse->handle()
#20 /media/pc_2/D4125A97125A7F04/wamp64/www/driving-car/driving-car-training-system/vendor/laravel/framework/src/Illuminate/Cookie/Middleware/EncryptCookies.php(75): Illuminate\\Pipeline\\Pipeline->Illuminate\\Pipeline\\{closure}()
#21 /media/pc_2/D4125A97125A7F04/wamp64/www/driving-car/driving-car-training-system/vendor/laravel/framework/src/Illuminate/Pipeline/Pipeline.php(183): Illuminate\\Cookie\\Middleware\\EncryptCookies->handle()
#22 /media/pc_2/D4125A97125A7F04/wamp64/www/driving-car/driving-car-training-system/vendor/laravel/framework/src/Illuminate/Pipeline/Pipeline.php(119): Illuminate\\Pipeline\\Pipeline->Illuminate\\Pipeline\\{closure}()
#23 /media/pc_2/D4125A97125A7F04/wamp64/www/driving-car/driving-car-training-system/vendor/laravel/framework/src/Illuminate/Routing/Router.php(807): Illuminate\\Pipeline\\Pipeline->then()
#24 /media/pc_2/D4125A97125A7F04/wamp64/www/driving-car/driving-car-training-system/vendor/laravel/framework/src/Illuminate/Routing/Router.php(786): Illuminate\\Routing\\Router->runRouteWithinStack()
#25 /media/pc_2/D4125A97125A7F04/wamp64/www/driving-car/driving-car-training-system/vendor/laravel/framework/src/Illuminate/Routing/Router.php(750): Illuminate\\Routing\\Router->runRoute()
#26 /media/pc_2/D4125A97125A7F04/wamp64/www/driving-car/driving-car-training-system/vendor/laravel/framework/src/Illuminate/Routing/Router.php(739): Illuminate\\Routing\\Router->dispatchToRoute()
#27 /media/pc_2/D4125A97125A7F04/wamp64/www/driving-car/driving-car-training-system/vendor/laravel/framework/src/Illuminate/Foundation/Http/Kernel.php(201): Illuminate\\Routing\\Router->dispatch()
#28 /media/pc_2/D4125A97125A7F04/wamp64/www/driving-car/driving-car-training-system/vendor/laravel/framework/src/Illuminate/Pipeline/Pipeline.php(144): Illuminate\\Foundation\\Http\\Kernel->Illuminate\\Foundation\\Http\\{closure}()
#29 /media/pc_2/D4125A97125A7F04/wamp64/www/driving-car/driving-car-training-system/vendor/laravel/framework/src/Illuminate/Foundation/Http/Middleware/TransformsRequest.php(21): Illuminate\\Pipeline\\Pipeline->Illuminate\\Pipeline\\{closure}()
#30 /media/pc_2/D4125A97125A7F04/wamp64/www/driving-car/driving-car-training-system/vendor/laravel/framework/src/Illuminate/Foundation/Http/Middleware/ConvertEmptyStringsToNull.php(31): Illuminate\\Foundation\\Http\\Middleware\\TransformsRequest->handle()
#31 /media/pc_2/D4125A97125A7F04/wamp64/www/driving-car/driving-car-training-system/vendor/laravel/framework/src/Illuminate/Pipeline/Pipeline.php(183): Illuminate\\Foundation\\Http\\Middleware\\ConvertEmptyStringsToNull->handle()
#32 /media/pc_2/D4125A97125A7F04/wamp64/www/driving-car/driving-car-training-system/vendor/laravel/framework/src/Illuminate/Foundation/Http/Middleware/TransformsRequest.php(21): Illuminate\\Pipeline\\Pipeline->Illuminate\\Pipeline\\{closure}()
#33 /media/pc_2/D4125A97125A7F04/wamp64/www/driving-car/driving-car-training-system/vendor/laravel/framework/src/Illuminate/Foundation/Http/Middleware/TrimStrings.php(51): Illuminate\\Foundation\\Http\\Middleware\\TransformsRequest->handle()
#34 /media/pc_2/D4125A97125A7F04/wamp64/www/driving-car/driving-car-training-system/vendor/laravel/framework/src/Illuminate/Pipeline/Pipeline.php(183): Illuminate\\Foundation\\Http\\Middleware\\TrimStrings->handle()
#35 /media/pc_2/D4125A97125A7F04/wamp64/www/driving-car/driving-car-training-system/vendor/laravel/framework/src/Illuminate/Http/Middleware/ValidatePostSize.php(27): Illuminate\\Pipeline\\Pipeline->Illuminate\\Pipeline\\{closure}()
#36 /media/pc_2/D4125A97125A7F04/wamp64/www/driving-car/driving-car-training-system/vendor/laravel/framework/src/Illuminate/Pipeline/Pipeline.php(183): Illuminate\\Http\\Middleware\\ValidatePostSize->handle()
#37 /media/pc_2/D4125A97125A7F04/wamp64/www/driving-car/driving-car-training-system/vendor/laravel/framework/src/Illuminate/Foundation/Http/Middleware/PreventRequestsDuringMaintenance.php(110): Illuminate\\Pipeline\\Pipeline->Illuminate\\Pipeline\\{closure}()
#38 /media/pc_2/D4125A97125A7F04/wamp64/www/driving-car/driving-car-training-system/vendor/laravel/framework/src/Illuminate/Pipeline/Pipeline.php(183): Illuminate\\Foundation\\Http\\Middleware\\PreventRequestsDuringMaintenance->handle()
#39 /media/pc_2/D4125A97125A7F04/wamp64/www/driving-car/driving-car-training-system/vendor/laravel/framework/src/Illuminate/Http/Middleware/HandleCors.php(49): Illuminate\\Pipeline\\Pipeline->Illuminate\\Pipeline\\{closure}()
#40 /media/pc_2/D4125A97125A7F04/wamp64/www/driving-car/driving-car-training-system/vendor/laravel/framework/src/Illuminate/Pipeline/Pipeline.php(183): Illuminate\\Http\\Middleware\\HandleCors->handle()
#41 /media/pc_2/D4125A97125A7F04/wamp64/www/driving-car/driving-car-training-system/vendor/laravel/framework/src/Illuminate/Http/Middleware/TrustProxies.php(58): Illuminate\\Pipeline\\Pipeline->Illuminate\\Pipeline\\{closure}()
#42 /media/pc_2/D4125A97125A7F04/wamp64/www/driving-car/driving-car-training-system/vendor/laravel/framework/src/Illuminate/Pipeline/Pipeline.php(183): Illuminate\\Http\\Middleware\\TrustProxies->handle()
#43 /media/pc_2/D4125A97125A7F04/wamp64/www/driving-car/driving-car-training-system/vendor/laravel/framework/src/Illuminate/Foundation/Http/Middleware/InvokeDeferredCallbacks.php(22): Illuminate\\Pipeline\\Pipeline->Illuminate\\Pipeline\\{closure}()
#44 /media/pc_2/D4125A97125A7F04/wamp64/www/driving-car/driving-car-training-system/vendor/laravel/framework/src/Illuminate/Pipeline/Pipeline.php(183): Illuminate\\Foundation\\Http\\Middleware\\InvokeDeferredCallbacks->handle()
#45 /media/pc_2/D4125A97125A7F04/wamp64/www/driving-car/driving-car-training-system/vendor/laravel/framework/src/Illuminate/Pipeline/Pipeline.php(119): Illuminate\\Pipeline\\Pipeline->Illuminate\\Pipeline\\{closure}()
#46 /media/pc_2/D4125A97125A7F04/wamp64/www/driving-car/driving-car-training-system/vendor/laravel/framework/src/Illuminate/Foundation/Http/Kernel.php(176): Illuminate\\Pipeline\\Pipeline->then()
#47 /media/pc_2/D4125A97125A7F04/wamp64/www/driving-car/driving-car-training-system/vendor/laravel/framework/src/Illuminate/Foundation/Http/Kernel.php(145): Illuminate\\Foundation\\Http\\Kernel->sendRequestThroughRouter()
#48 /media/pc_2/D4125A97125A7F04/wamp64/www/driving-car/driving-car-training-system/vendor/laravel/framework/src/Illuminate/Foundation/Application.php(1188): Illuminate\\Foundation\\Http\\Kernel->handle()
#49 /media/pc_2/D4125A97125A7F04/wamp64/www/driving-car/driving-car-training-system/public/index.php(22): Illuminate\\Foundation\\Application->handleRequest()
#50 /media/pc_2/D4125A97125A7F04/wamp64/www/driving-car/driving-car-training-system/vendor/laravel/framework/src/Illuminate/Foundation/resources/server.php(23): require_once('...')
#51 {main}

[previous exception] [object] (PDOException(code: 1045): SQLSTATE[HY000] [1045] Access denied for user 'root'@'localhost' (using password: NO) at /media/pc_2/D4125A97125A7F04/wamp64/www/driving-car/driving-car-training-system/vendor/laravel/framework/src/Illuminate/Database/Connectors/Connector.php:66)
[stacktrace]
#0 /media/pc_2/D4125A97125A7F04/wamp64/www/driving-car/driving-car-training-system/vendor/laravel/framework/src/Illuminate/Database/Connectors/Connector.php(66): PDO->__construct()
#1 /media/pc_2/D4125A97125A7F04/wamp64/www/driving-car/driving-car-training-system/vendor/laravel/framework/src/Illuminate/Database/Connectors/Connector.php(44): Illuminate\\Database\\Connectors\\Connector->createPdoConnection()
#2 /media/pc_2/D4125A97125A7F04/wamp64/www/driving-car/driving-car-training-system/vendor/laravel/framework/src/Illuminate/Database/Connectors/MySqlConnector.php(24): Illuminate\\Database\\Connectors\\Connector->createConnection()
#3 /media/pc_2/D4125A97125A7F04/wamp64/www/driving-car/driving-car-training-system/vendor/laravel/framework/src/Illuminate/Database/Connectors/ConnectionFactory.php(185): Illuminate\\Database\\Connectors\\MySqlConnector->connect()
#4 [internal function]: Illuminate\\Database\\Connectors\\ConnectionFactory->Illuminate\\Database\\Connectors\\{closure}()
#5 /media/pc_2/D4125A97125A7F04/wamp64/www/driving-car/driving-car-training-system/vendor/laravel/framework/src/Illuminate/Database/Connection.php(1231): call_user_func()
#6 /media/pc_2/D4125A97125A7F04/wamp64/www/driving-car/driving-car-training-system/vendor/laravel/framework/src/Illuminate/Database/Connection.php(1267): Illuminate\\Database\\Connection->getPdo()
#7 /media/pc_2/D4125A97125A7F04/wamp64/www/driving-car/driving-car-training-system/vendor/laravel/framework/src/Illuminate/Database/Connection.php(512): Illuminate\\Database\\Connection->getReadPdo()
#8 /media/pc_2/D4125A97125A7F04/wamp64/www/driving-car/driving-car-training-system/vendor/laravel/framework/src/Illuminate/Database/Connection.php(407): Illuminate\\Database\\Connection->getPdoForSelect()
#9 /media/pc_2/D4125A97125A7F04/wamp64/www/driving-car/driving-car-training-system/vendor/laravel/framework/src/Illuminate/Database/Connection.php(812): Illuminate\\Database\\Connection->Illuminate\\Database\\{closure}()
#10 /media/pc_2/D4125A97125A7F04/wamp64/www/driving-car/driving-car-training-system/vendor/laravel/framework/src/Illuminate/Database/Connection.php(779): Illuminate\\Database\\Connection->runQueryCallback()
#11 /media/pc_2/D4125A97125A7F04/wamp64/www/driving-car/driving-car-training-system/vendor/laravel/framework/src/Illuminate/Database/Connection.php(398): Illuminate\\Database\\Connection->run()
#12 /media/pc_2/D4125A97125A7F04/wamp64/www/driving-car/driving-car-training-system/vendor/laravel/framework/src/Illuminate/Database/Query/Builder.php(3130): Illuminate\\Database\\Connection->select()
#13 /media/pc_2/D4125A97125A7F04/wamp64/www/driving-car/driving-car-training-system/vendor/laravel/framework/src/Illuminate/Database/Query/Builder.php(3115): Illuminate\\Database\\Query\\Builder->runSelect()
#14 /media/pc_2/D4125A97125A7F04/wamp64/www/driving-car/driving-car-training-system/vendor/laravel/framework/src/Illuminate/Database/Query/Builder.php(3703): Illuminate\\Database\\Query\\Builder->Illuminate\\Database\\Query\\{closure}()
#15 /media/pc_2/D4125A97125A7F04/wamp64/www/driving-car/driving-car-training-system/vendor/laravel/framework/src/Illuminate/Database/Query/Builder.php(3114): Illuminate\\Database\\Query\\Builder->onceWithColumns()
#16 /media/pc_2/D4125A97125A7F04/wamp64/www/driving-car/driving-car-training-system/vendor/laravel/framework/src/Illuminate/Database/Concerns/BuildsQueries.php(344): Illuminate\\Database\\Query\\Builder->get()
#17 /media/pc_2/D4125A97125A7F04/wamp64/www/driving-car/driving-car-training-system/vendor/laravel/framework/src/Illuminate/Database/Query/Builder.php(3035): Illuminate\\Database\\Query\\Builder->first()
#18 /media/pc_2/D4125A97125A7F04/wamp64/www/driving-car/driving-car-training-system/vendor/laravel/framework/src/Illuminate/Session/DatabaseSessionHandler.php(97): Illuminate\\Database\\Query\\Builder->find()
#19 /media/pc_2/D4125A97125A7F04/wamp64/www/driving-car/driving-car-training-system/vendor/laravel/framework/src/Illuminate/Session/Store.php(113): Illuminate\\Session\\DatabaseSessionHandler->read()
#20 /media/pc_2/D4125A97125A7F04/wamp64/www/driving-car/driving-car-training-system/vendor/laravel/framework/src/Illuminate/Session/Store.php(101): Illuminate\\Session\\Store->readFromHandler()
#21 /media/pc_2/D4125A97125A7F04/wamp64/www/driving-car/driving-car-training-system/vendor/laravel/framework/src/Illuminate/Session/Store.php(85): Illuminate\\Session\\Store->loadSession()
#22 /media/pc_2/D4125A97125A7F04/wamp64/www/driving-car/driving-car-training-system/vendor/laravel/framework/src/Illuminate/Session/Middleware/StartSession.php(147): Illuminate\\Session\\Store->start()
#23 /media/pc_2/D4125A97125A7F04/wamp64/www/driving-car/driving-car-training-system/vendor/laravel/framework/src/Illuminate/Support/helpers.php(380): Illuminate\\Session\\Middleware\\StartSession->Illuminate\\Session\\Middleware\\{closure}()
#24 /media/pc_2/D4125A97125A7F04/wamp64/www/driving-car/driving-car-training-system/vendor/laravel/framework/src/Illuminate/Session/Middleware/StartSession.php(144): tap()
#25 /media/pc_2/D4125A97125A7F04/wamp64/www/driving-car/driving-car-training-system/vendor/laravel/framework/src/Illuminate/Session/Middleware/StartSession.php(116): Illuminate\\Session\\Middleware\\StartSession->startSession()
#26 /media/pc_2/D4125A97125A7F04/wamp64/www/driving-car/driving-car-training-system/vendor/laravel/framework/src/Illuminate/Session/Middleware/StartSession.php(64): Illuminate\\Session\\Middleware\\StartSession->handleStatefulRequest()
#27 /media/pc_2/D4125A97125A7F04/wamp64/www/driving-car/driving-car-training-system/vendor/laravel/framework/src/Illuminate/Pipeline/Pipeline.php(183): Illuminate\\Session\\Middleware\\StartSession->handle()
#28 /media/pc_2/D4125A97125A7F04/wamp64/www/driving-car/driving-car-training-system/vendor/laravel/framework/src/Illuminate/Cookie/Middleware/AddQueuedCookiesToResponse.php(37): Illuminate\\Pipeline\\Pipeline->Illuminate\\Pipeline\\{closure}()
#29 /media/pc_2/D4125A97125A7F04/wamp64/www/driving-car/driving-car-training-system/vendor/laravel/framework/src/Illuminate/Pipeline/Pipeline.php(183): Illuminate\\Cookie\\Middleware\\AddQueuedCookiesToResponse->handle()
#30 /media/pc_2/D4125A97125A7F04/wamp64/www/driving-car/driving-car-training-system/vendor/laravel/framework/src/Illuminate/Cookie/Middleware/EncryptCookies.php(75): Illuminate\\Pipeline\\Pipeline->Illuminate\\Pipeline\\{closure}()
#31 /media/pc_2/D4125A97125A7F04/wamp64/www/driving-car/driving-car-training-system/vendor/laravel/framework/src/Illuminate/Pipeline/Pipeline.php(183): Illuminate\\Cookie\\Middleware\\EncryptCookies->handle()
#32 /media/pc_2/D4125A97125A7F04/wamp64/www/driving-car/driving-car-training-system/vendor/laravel/framework/src/Illuminate/Pipeline/Pipeline.php(119): Illuminate\\Pipeline\\Pipeline->Illuminate\\Pipeline\\{closure}()
#33 /media/pc_2/D4125A97125A7F04/wamp64/www/driving-car/driving-car-training-system/vendor/laravel/framework/src/Illuminate/Routing/Router.php(807): Illuminate\\Pipeline\\Pipeline->then()
#34 /media/pc_2/D4125A97125A7F04/wamp64/www/driving-car/driving-car-training-system/vendor/laravel/framework/src/Illuminate/Routing/Router.php(786): Illuminate\\Routing\\Router->runRouteWithinStack()
#35 /media/pc_2/D4125A97125A7F04/wamp64/www/driving-car/driving-car-training-system/vendor/laravel/framework/src/Illuminate/Routing/Router.php(750): Illuminate\\Routing\\Router->runRoute()
#36 /media/pc_2/D4125A97125A7F04/wamp64/www/driving-car/driving-car-training-system/vendor/laravel/framework/src/Illuminate/Routing/Router.php(739): Illuminate\\Routing\\Router->dispatchToRoute()
#37 /media/pc_2/D4125A97125A7F04/wamp64/www/driving-car/driving-car-training-system/vendor/laravel/framework/src/Illuminate/Foundation/Http/Kernel.php(201): Illuminate\\Routing\\Router->dispatch()
#38 /media/pc_2/D4125A97125A7F04/wamp64/www/driving-car/driving-car-training-system/vendor/laravel/framework/src/Illuminate/Pipeline/Pipeline.php(144): Illuminate\\Foundation\\Http\\Kernel->Illuminate\\Foundation\\Http\\{closure}()
#39 /media/pc_2/D4125A97125A7F04/wamp64/www/driving-car/driving-car-training-system/vendor/laravel/framework/src/Illuminate/Foundation/Http/Middleware/TransformsRequest.php(21): Illuminate\\Pipeline\\Pipeline->Illuminate\\Pipeline\\{closure}()
#40 /media/pc_2/D4125A97125A7F04/wamp64/www/driving-car/driving-car-training-system/vendor/laravel/framework/src/Illuminate/Foundation/Http/Middleware/ConvertEmptyStringsToNull.php(31): Illuminate\\Foundation\\Http\\Middleware\\TransformsRequest->handle()
#41 /media/pc_2/D4125A97125A7F04/wamp64/www/driving-car/driving-car-training-system/vendor/laravel/framework/src/Illuminate/Pipeline/Pipeline.php(183): Illuminate\\Foundation\\Http\\Middleware\\ConvertEmptyStringsToNull->handle()
#42 /media/pc_2/D4125A97125A7F04/wamp64/www/driving-car/driving-car-training-system/vendor/laravel/framework/src/Illuminate/Foundation/Http/Middleware/TransformsRequest.php(21): Illuminate\\Pipeline\\Pipeline->Illuminate\\Pipeline\\{closure}()
#43 /media/pc_2/D4125A97125A7F04/wamp64/www/driving-car/driving-car-training-system/vendor/laravel/framework/src/Illuminate/Foundation/Http/Middleware/TrimStrings.php(51): Illuminate\\Foundation\\Http\\Middleware\\TransformsRequest->handle()
#44 /media/pc_2/D4125A97125A7F04/wamp64/www/driving-car/driving-car-training-system/vendor/laravel/framework/src/Illuminate/Pipeline/Pipeline.php(183): Illuminate\\Foundation\\Http\\Middleware\\TrimStrings->handle()
#45 /media/pc_2/D4125A97125A7F04/wamp64/www/driving-car/driving-car-training-system/vendor/laravel/framework/src/Illuminate/Http/Middleware/ValidatePostSize.php(27): Illuminate\\Pipeline\\Pipeline->Illuminate\\Pipeline\\{closure}()
#46 /media/pc_2/D4125A97125A7F04/wamp64/www/driving-car/driving-car-training-system/vendor/laravel/framework/src/Illuminate/Pipeline/Pipeline.php(183): Illuminate\\Http\\Middleware\\ValidatePostSize->handle()
#47 /media/pc_2/D4125A97125A7F04/wamp64/www/driving-car/driving-car-training-system/vendor/laravel/framework/src/Illuminate/Foundation/Http/Middleware/PreventRequestsDuringMaintenance.php(110): Illuminate\\Pipeline\\Pipeline->Illuminate\\Pipeline\\{closure}()
#48 /media/pc_2/D4125A97125A7F04/wamp64/www/driving-car/driving-car-training-system/vendor/laravel/framework/src/Illuminate/Pipeline/Pipeline.php(183): Illuminate\\Foundation\\Http\\Middleware\\PreventRequestsDuringMaintenance->handle()
#49 /media/pc_2/D4125A97125A7F04/wamp64/www/driving-car/driving-car-training-system/vendor/laravel/framework/src/Illuminate/Http/Middleware/HandleCors.php(49): Illuminate\\Pipeline\\Pipeline->Illuminate\\Pipeline\\{closure}()
#50 /media/pc_2/D4125A97125A7F04/wamp64/www/driving-car/driving-car-training-system/vendor/laravel/framework/src/Illuminate/Pipeline/Pipeline.php(183): Illuminate\\Http\\Middleware\\HandleCors->handle()
#51 /media/pc_2/D4125A97125A7F04/wamp64/www/driving-car/driving-car-training-system/vendor/laravel/framework/src/Illuminate/Http/Middleware/TrustProxies.php(58): Illuminate\\Pipeline\\Pipeline->Illuminate\\Pipeline\\{closure}()
#52 /media/pc_2/D4125A97125A7F04/wamp64/www/driving-car/driving-car-training-system/vendor/laravel/framework/src/Illuminate/Pipeline/Pipeline.php(183): Illuminate\\Http\\Middleware\\TrustProxies->handle()
#53 /media/pc_2/D4125A97125A7F04/wamp64/www/driving-car/driving-car-training-system/vendor/laravel/framework/src/Illuminate/Foundation/Http/Middleware/InvokeDeferredCallbacks.php(22): Illuminate\\Pipeline\\Pipeline->Illuminate\\Pipeline\\{closure}()
#54 /media/pc_2/D4125A97125A7F04/wamp64/www/driving-car/driving-car-training-system/vendor/laravel/framework/src/Illuminate/Pipeline/Pipeline.php(183): Illuminate\\Foundation\\Http\\Middleware\\InvokeDeferredCallbacks->handle()
#55 /media/pc_2/D4125A97125A7F04/wamp64/www/driving-car/driving-car-training-system/vendor/laravel/framework/src/Illuminate/Pipeline/Pipeline.php(119): Illuminate\\Pipeline\\Pipeline->Illuminate\\Pipeline\\{closure}()
#56 /media/pc_2/D4125A97125A7F04/wamp64/www/driving-car/driving-car-training-system/vendor/laravel/framework/src/Illuminate/Foundation/Http/Kernel.php(176): Illuminate\\Pipeline\\Pipeline->then()
#57 /media/pc_2/D4125A97125A7F04/wamp64/www/driving-car/driving-car-training-system/vendor/laravel/framework/src/Illuminate/Foundation/Http/Kernel.php(145): Illuminate\\Foundation\\Http\\Kernel->sendRequestThroughRouter()
#58 /media/pc_2/D4125A97125A7F04/wamp64/www/driving-car/driving-car-training-system/vendor/laravel/framework/src/Illuminate/Foundation/Application.php(1188): Illuminate\\Foundation\\Http\\Kernel->handle()
#59 /media/pc_2/D4125A97125A7F04/wamp64/www/driving-car/driving-car-training-system/public/index.php(22): Illuminate\\Foundation\\Application->handleRequest()
#60 /media/pc_2/D4125A97125A7F04/wamp64/www/driving-car/driving-car-training-system/vendor/laravel/framework/src/Illuminate/Foundation/resources/server.php(23): require_once('...')
#61 {main}
"} 
[2024-11-25 10:38:12] local.ERROR: SQLSTATE[HY000] [1045] Access denied for user 'root'@'localhost' (using password: NO) (Connection: mysql, SQL: select * from `sessions` where `id` = 9RY1EAT5db15px7i8JUSOeGzlNQaQoPTlUapH9P2 limit 1) {"exception":"[object] (Illuminate\\Database\\QueryException(code: 1045): SQLSTATE[HY000] [1045] Access denied for user 'root'@'localhost' (using password: NO) (Connection: mysql, SQL: select * from `sessions` where `id` = 9RY1EAT5db15px7i8JUSOeGzlNQaQoPTlUapH9P2 limit 1) at /media/pc_2/D4125A97125A7F04/wamp64/www/driving-car/driving-car-training-system/vendor/laravel/framework/src/Illuminate/Database/Connection.php:825)
[stacktrace]
#0 /media/pc_2/D4125A97125A7F04/wamp64/www/driving-car/driving-car-training-system/vendor/laravel/framework/src/Illuminate/Database/Connection.php(779): Illuminate\\Database\\Connection->runQueryCallback()
#1 /media/pc_2/D4125A97125A7F04/wamp64/www/driving-car/driving-car-training-system/vendor/laravel/framework/src/Illuminate/Database/Connection.php(398): Illuminate\\Database\\Connection->run()
#2 /media/pc_2/D4125A97125A7F04/wamp64/www/driving-car/driving-car-training-system/vendor/laravel/framework/src/Illuminate/Database/Query/Builder.php(3130): Illuminate\\Database\\Connection->select()
#3 /media/pc_2/D4125A97125A7F04/wamp64/www/driving-car/driving-car-training-system/vendor/laravel/framework/src/Illuminate/Database/Query/Builder.php(3115): Illuminate\\Database\\Query\\Builder->runSelect()
#4 /media/pc_2/D4125A97125A7F04/wamp64/www/driving-car/driving-car-training-system/vendor/laravel/framework/src/Illuminate/Database/Query/Builder.php(3703): Illuminate\\Database\\Query\\Builder->Illuminate\\Database\\Query\\{closure}()
#5 /media/pc_2/D4125A97125A7F04/wamp64/www/driving-car/driving-car-training-system/vendor/laravel/framework/src/Illuminate/Database/Query/Builder.php(3114): Illuminate\\Database\\Query\\Builder->onceWithColumns()
#6 /media/pc_2/D4125A97125A7F04/wamp64/www/driving-car/driving-car-training-system/vendor/laravel/framework/src/Illuminate/Database/Concerns/BuildsQueries.php(344): Illuminate\\Database\\Query\\Builder->get()
#7 /media/pc_2/D4125A97125A7F04/wamp64/www/driving-car/driving-car-training-system/vendor/laravel/framework/src/Illuminate/Database/Query/Builder.php(3035): Illuminate\\Database\\Query\\Builder->first()
#8 /media/pc_2/D4125A97125A7F04/wamp64/www/driving-car/driving-car-training-system/vendor/laravel/framework/src/Illuminate/Session/DatabaseSessionHandler.php(97): Illuminate\\Database\\Query\\Builder->find()
#9 /media/pc_2/D4125A97125A7F04/wamp64/www/driving-car/driving-car-training-system/vendor/laravel/framework/src/Illuminate/Session/Store.php(113): Illuminate\\Session\\DatabaseSessionHandler->read()
#10 /media/pc_2/D4125A97125A7F04/wamp64/www/driving-car/driving-car-training-system/vendor/laravel/framework/src/Illuminate/Session/Store.php(101): Illuminate\\Session\\Store->readFromHandler()
#11 /media/pc_2/D4125A97125A7F04/wamp64/www/driving-car/driving-car-training-system/vendor/laravel/framework/src/Illuminate/Session/Store.php(85): Illuminate\\Session\\Store->loadSession()
#12 /media/pc_2/D4125A97125A7F04/wamp64/www/driving-car/driving-car-training-system/vendor/laravel/framework/src/Illuminate/Session/Middleware/StartSession.php(147): Illuminate\\Session\\Store->start()
#13 /media/pc_2/D4125A97125A7F04/wamp64/www/driving-car/driving-car-training-system/vendor/laravel/framework/src/Illuminate/Support/helpers.php(380): Illuminate\\Session\\Middleware\\StartSession->Illuminate\\Session\\Middleware\\{closure}()
#14 /media/pc_2/D4125A97125A7F04/wamp64/www/driving-car/driving-car-training-system/vendor/laravel/framework/src/Illuminate/Session/Middleware/StartSession.php(144): tap()
#15 /media/pc_2/D4125A97125A7F04/wamp64/www/driving-car/driving-car-training-system/vendor/laravel/framework/src/Illuminate/Session/Middleware/StartSession.php(116): Illuminate\\Session\\Middleware\\StartSession->startSession()
#16 /media/pc_2/D4125A97125A7F04/wamp64/www/driving-car/driving-car-training-system/vendor/laravel/framework/src/Illuminate/Session/Middleware/StartSession.php(64): Illuminate\\Session\\Middleware\\StartSession->handleStatefulRequest()
#17 /media/pc_2/D4125A97125A7F04/wamp64/www/driving-car/driving-car-training-system/vendor/laravel/framework/src/Illuminate/Pipeline/Pipeline.php(183): Illuminate\\Session\\Middleware\\StartSession->handle()
#18 /media/pc_2/D4125A97125A7F04/wamp64/www/driving-car/driving-car-training-system/vendor/laravel/framework/src/Illuminate/Cookie/Middleware/AddQueuedCookiesToResponse.php(37): Illuminate\\Pipeline\\Pipeline->Illuminate\\Pipeline\\{closure}()
#19 /media/pc_2/D4125A97125A7F04/wamp64/www/driving-car/driving-car-training-system/vendor/laravel/framework/src/Illuminate/Pipeline/Pipeline.php(183): Illuminate\\Cookie\\Middleware\\AddQueuedCookiesToResponse->handle()
#20 /media/pc_2/D4125A97125A7F04/wamp64/www/driving-car/driving-car-training-system/vendor/laravel/framework/src/Illuminate/Cookie/Middleware/EncryptCookies.php(75): Illuminate\\Pipeline\\Pipeline->Illuminate\\Pipeline\\{closure}()
#21 /media/pc_2/D4125A97125A7F04/wamp64/www/driving-car/driving-car-training-system/vendor/laravel/framework/src/Illuminate/Pipeline/Pipeline.php(183): Illuminate\\Cookie\\Middleware\\EncryptCookies->handle()
#22 /media/pc_2/D4125A97125A7F04/wamp64/www/driving-car/driving-car-training-system/vendor/laravel/framework/src/Illuminate/Pipeline/Pipeline.php(119): Illuminate\\Pipeline\\Pipeline->Illuminate\\Pipeline\\{closure}()
#23 /media/pc_2/D4125A97125A7F04/wamp64/www/driving-car/driving-car-training-system/vendor/laravel/framework/src/Illuminate/Routing/Router.php(807): Illuminate\\Pipeline\\Pipeline->then()
#24 /media/pc_2/D4125A97125A7F04/wamp64/www/driving-car/driving-car-training-system/vendor/laravel/framework/src/Illuminate/Routing/Router.php(786): Illuminate\\Routing\\Router->runRouteWithinStack()
#25 /media/pc_2/D4125A97125A7F04/wamp64/www/driving-car/driving-car-training-system/vendor/laravel/framework/src/Illuminate/Routing/Router.php(750): Illuminate\\Routing\\Router->runRoute()
#26 /media/pc_2/D4125A97125A7F04/wamp64/www/driving-car/driving-car-training-system/vendor/laravel/framework/src/Illuminate/Routing/Router.php(739): Illuminate\\Routing\\Router->dispatchToRoute()
#27 /media/pc_2/D4125A97125A7F04/wamp64/www/driving-car/driving-car-training-system/vendor/laravel/framework/src/Illuminate/Foundation/Http/Kernel.php(201): Illuminate\\Routing\\Router->dispatch()
#28 /media/pc_2/D4125A97125A7F04/wamp64/www/driving-car/driving-car-training-system/vendor/laravel/framework/src/Illuminate/Pipeline/Pipeline.php(144): Illuminate\\Foundation\\Http\\Kernel->Illuminate\\Foundation\\Http\\{closure}()
#29 /media/pc_2/D4125A97125A7F04/wamp64/www/driving-car/driving-car-training-system/vendor/laravel/framework/src/Illuminate/Foundation/Http/Middleware/TransformsRequest.php(21): Illuminate\\Pipeline\\Pipeline->Illuminate\\Pipeline\\{closure}()
#30 /media/pc_2/D4125A97125A7F04/wamp64/www/driving-car/driving-car-training-system/vendor/laravel/framework/src/Illuminate/Foundation/Http/Middleware/ConvertEmptyStringsToNull.php(31): Illuminate\\Foundation\\Http\\Middleware\\TransformsRequest->handle()
#31 /media/pc_2/D4125A97125A7F04/wamp64/www/driving-car/driving-car-training-system/vendor/laravel/framework/src/Illuminate/Pipeline/Pipeline.php(183): Illuminate\\Foundation\\Http\\Middleware\\ConvertEmptyStringsToNull->handle()
#32 /media/pc_2/D4125A97125A7F04/wamp64/www/driving-car/driving-car-training-system/vendor/laravel/framework/src/Illuminate/Foundation/Http/Middleware/TransformsRequest.php(21): Illuminate\\Pipeline\\Pipeline->Illuminate\\Pipeline\\{closure}()
#33 /media/pc_2/D4125A97125A7F04/wamp64/www/driving-car/driving-car-training-system/vendor/laravel/framework/src/Illuminate/Foundation/Http/Middleware/TrimStrings.php(51): Illuminate\\Foundation\\Http\\Middleware\\TransformsRequest->handle()
#34 /media/pc_2/D4125A97125A7F04/wamp64/www/driving-car/driving-car-training-system/vendor/laravel/framework/src/Illuminate/Pipeline/Pipeline.php(183): Illuminate\\Foundation\\Http\\Middleware\\TrimStrings->handle()
#35 /media/pc_2/D4125A97125A7F04/wamp64/www/driving-car/driving-car-training-system/vendor/laravel/framework/src/Illuminate/Http/Middleware/ValidatePostSize.php(27): Illuminate\\Pipeline\\Pipeline->Illuminate\\Pipeline\\{closure}()
#36 /media/pc_2/D4125A97125A7F04/wamp64/www/driving-car/driving-car-training-system/vendor/laravel/framework/src/Illuminate/Pipeline/Pipeline.php(183): Illuminate\\Http\\Middleware\\ValidatePostSize->handle()
#37 /media/pc_2/D4125A97125A7F04/wamp64/www/driving-car/driving-car-training-system/vendor/laravel/framework/src/Illuminate/Foundation/Http/Middleware/PreventRequestsDuringMaintenance.php(110): Illuminate\\Pipeline\\Pipeline->Illuminate\\Pipeline\\{closure}()
#38 /media/pc_2/D4125A97125A7F04/wamp64/www/driving-car/driving-car-training-system/vendor/laravel/framework/src/Illuminate/Pipeline/Pipeline.php(183): Illuminate\\Foundation\\Http\\Middleware\\PreventRequestsDuringMaintenance->handle()
#39 /media/pc_2/D4125A97125A7F04/wamp64/www/driving-car/driving-car-training-system/vendor/laravel/framework/src/Illuminate/Http/Middleware/HandleCors.php(49): Illuminate\\Pipeline\\Pipeline->Illuminate\\Pipeline\\{closure}()
#40 /media/pc_2/D4125A97125A7F04/wamp64/www/driving-car/driving-car-training-system/vendor/laravel/framework/src/Illuminate/Pipeline/Pipeline.php(183): Illuminate\\Http\\Middleware\\HandleCors->handle()
#41 /media/pc_2/D4125A97125A7F04/wamp64/www/driving-car/driving-car-training-system/vendor/laravel/framework/src/Illuminate/Http/Middleware/TrustProxies.php(58): Illuminate\\Pipeline\\Pipeline->Illuminate\\Pipeline\\{closure}()
#42 /media/pc_2/D4125A97125A7F04/wamp64/www/driving-car/driving-car-training-system/vendor/laravel/framework/src/Illuminate/Pipeline/Pipeline.php(183): Illuminate\\Http\\Middleware\\TrustProxies->handle()
#43 /media/pc_2/D4125A97125A7F04/wamp64/www/driving-car/driving-car-training-system/vendor/laravel/framework/src/Illuminate/Foundation/Http/Middleware/InvokeDeferredCallbacks.php(22): Illuminate\\Pipeline\\Pipeline->Illuminate\\Pipeline\\{closure}()
#44 /media/pc_2/D4125A97125A7F04/wamp64/www/driving-car/driving-car-training-system/vendor/laravel/framework/src/Illuminate/Pipeline/Pipeline.php(183): Illuminate\\Foundation\\Http\\Middleware\\InvokeDeferredCallbacks->handle()
#45 /media/pc_2/D4125A97125A7F04/wamp64/www/driving-car/driving-car-training-system/vendor/laravel/framework/src/Illuminate/Pipeline/Pipeline.php(119): Illuminate\\Pipeline\\Pipeline->Illuminate\\Pipeline\\{closure}()
#46 /media/pc_2/D4125A97125A7F04/wamp64/www/driving-car/driving-car-training-system/vendor/laravel/framework/src/Illuminate/Foundation/Http/Kernel.php(176): Illuminate\\Pipeline\\Pipeline->then()
#47 /media/pc_2/D4125A97125A7F04/wamp64/www/driving-car/driving-car-training-system/vendor/laravel/framework/src/Illuminate/Foundation/Http/Kernel.php(145): Illuminate\\Foundation\\Http\\Kernel->sendRequestThroughRouter()
#48 /media/pc_2/D4125A97125A7F04/wamp64/www/driving-car/driving-car-training-system/vendor/laravel/framework/src/Illuminate/Foundation/Application.php(1188): Illuminate\\Foundation\\Http\\Kernel->handle()
#49 /media/pc_2/D4125A97125A7F04/wamp64/www/driving-car/driving-car-training-system/public/index.php(22): Illuminate\\Foundation\\Application->handleRequest()
#50 /media/pc_2/D4125A97125A7F04/wamp64/www/driving-car/driving-car-training-system/vendor/laravel/framework/src/Illuminate/Foundation/resources/server.php(23): require_once('...')
#51 {main}

[previous exception] [object] (PDOException(code: 1045): SQLSTATE[HY000] [1045] Access denied for user 'root'@'localhost' (using password: NO) at /media/pc_2/D4125A97125A7F04/wamp64/www/driving-car/driving-car-training-system/vendor/laravel/framework/src/Illuminate/Database/Connectors/Connector.php:66)
[stacktrace]
#0 /media/pc_2/D4125A97125A7F04/wamp64/www/driving-car/driving-car-training-system/vendor/laravel/framework/src/Illuminate/Database/Connectors/Connector.php(66): PDO->__construct()
#1 /media/pc_2/D4125A97125A7F04/wamp64/www/driving-car/driving-car-training-system/vendor/laravel/framework/src/Illuminate/Database/Connectors/Connector.php(44): Illuminate\\Database\\Connectors\\Connector->createPdoConnection()
#2 /media/pc_2/D4125A97125A7F04/wamp64/www/driving-car/driving-car-training-system/vendor/laravel/framework/src/Illuminate/Database/Connectors/MySqlConnector.php(24): Illuminate\\Database\\Connectors\\Connector->createConnection()
#3 /media/pc_2/D4125A97125A7F04/wamp64/www/driving-car/driving-car-training-system/vendor/laravel/framework/src/Illuminate/Database/Connectors/ConnectionFactory.php(185): Illuminate\\Database\\Connectors\\MySqlConnector->connect()
#4 [internal function]: Illuminate\\Database\\Connectors\\ConnectionFactory->Illuminate\\Database\\Connectors\\{closure}()
#5 /media/pc_2/D4125A97125A7F04/wamp64/www/driving-car/driving-car-training-system/vendor/laravel/framework/src/Illuminate/Database/Connection.php(1231): call_user_func()
#6 /media/pc_2/D4125A97125A7F04/wamp64/www/driving-car/driving-car-training-system/vendor/laravel/framework/src/Illuminate/Database/Connection.php(1267): Illuminate\\Database\\Connection->getPdo()
#7 /media/pc_2/D4125A97125A7F04/wamp64/www/driving-car/driving-car-training-system/vendor/laravel/framework/src/Illuminate/Database/Connection.php(512): Illuminate\\Database\\Connection->getReadPdo()
#8 /media/pc_2/D4125A97125A7F04/wamp64/www/driving-car/driving-car-training-system/vendor/laravel/framework/src/Illuminate/Database/Connection.php(407): Illuminate\\Database\\Connection->getPdoForSelect()
#9 /media/pc_2/D4125A97125A7F04/wamp64/www/driving-car/driving-car-training-system/vendor/laravel/framework/src/Illuminate/Database/Connection.php(812): Illuminate\\Database\\Connection->Illuminate\\Database\\{closure}()
#10 /media/pc_2/D4125A97125A7F04/wamp64/www/driving-car/driving-car-training-system/vendor/laravel/framework/src/Illuminate/Database/Connection.php(779): Illuminate\\Database\\Connection->runQueryCallback()
#11 /media/pc_2/D4125A97125A7F04/wamp64/www/driving-car/driving-car-training-system/vendor/laravel/framework/src/Illuminate/Database/Connection.php(398): Illuminate\\Database\\Connection->run()
#12 /media/pc_2/D4125A97125A7F04/wamp64/www/driving-car/driving-car-training-system/vendor/laravel/framework/src/Illuminate/Database/Query/Builder.php(3130): Illuminate\\Database\\Connection->select()
#13 /media/pc_2/D4125A97125A7F04/wamp64/www/driving-car/driving-car-training-system/vendor/laravel/framework/src/Illuminate/Database/Query/Builder.php(3115): Illuminate\\Database\\Query\\Builder->runSelect()
#14 /media/pc_2/D4125A97125A7F04/wamp64/www/driving-car/driving-car-training-system/vendor/laravel/framework/src/Illuminate/Database/Query/Builder.php(3703): Illuminate\\Database\\Query\\Builder->Illuminate\\Database\\Query\\{closure}()
#15 /media/pc_2/D4125A97125A7F04/wamp64/www/driving-car/driving-car-training-system/vendor/laravel/framework/src/Illuminate/Database/Query/Builder.php(3114): Illuminate\\Database\\Query\\Builder->onceWithColumns()
#16 /media/pc_2/D4125A97125A7F04/wamp64/www/driving-car/driving-car-training-system/vendor/laravel/framework/src/Illuminate/Database/Concerns/BuildsQueries.php(344): Illuminate\\Database\\Query\\Builder->get()
#17 /media/pc_2/D4125A97125A7F04/wamp64/www/driving-car/driving-car-training-system/vendor/laravel/framework/src/Illuminate/Database/Query/Builder.php(3035): Illuminate\\Database\\Query\\Builder->first()
#18 /media/pc_2/D4125A97125A7F04/wamp64/www/driving-car/driving-car-training-system/vendor/laravel/framework/src/Illuminate/Session/DatabaseSessionHandler.php(97): Illuminate\\Database\\Query\\Builder->find()
#19 /media/pc_2/D4125A97125A7F04/wamp64/www/driving-car/driving-car-training-system/vendor/laravel/framework/src/Illuminate/Session/Store.php(113): Illuminate\\Session\\DatabaseSessionHandler->read()
#20 /media/pc_2/D4125A97125A7F04/wamp64/www/driving-car/driving-car-training-system/vendor/laravel/framework/src/Illuminate/Session/Store.php(101): Illuminate\\Session\\Store->readFromHandler()
#21 /media/pc_2/D4125A97125A7F04/wamp64/www/driving-car/driving-car-training-system/vendor/laravel/framework/src/Illuminate/Session/Store.php(85): Illuminate\\Session\\Store->loadSession()
#22 /media/pc_2/D4125A97125A7F04/wamp64/www/driving-car/driving-car-training-system/vendor/laravel/framework/src/Illuminate/Session/Middleware/StartSession.php(147): Illuminate\\Session\\Store->start()
#23 /media/pc_2/D4125A97125A7F04/wamp64/www/driving-car/driving-car-training-system/vendor/laravel/framework/src/Illuminate/Support/helpers.php(380): Illuminate\\Session\\Middleware\\StartSession->Illuminate\\Session\\Middleware\\{closure}()
#24 /media/pc_2/D4125A97125A7F04/wamp64/www/driving-car/driving-car-training-system/vendor/laravel/framework/src/Illuminate/Session/Middleware/StartSession.php(144): tap()
#25 /media/pc_2/D4125A97125A7F04/wamp64/www/driving-car/driving-car-training-system/vendor/laravel/framework/src/Illuminate/Session/Middleware/StartSession.php(116): Illuminate\\Session\\Middleware\\StartSession->startSession()
#26 /media/pc_2/D4125A97125A7F04/wamp64/www/driving-car/driving-car-training-system/vendor/laravel/framework/src/Illuminate/Session/Middleware/StartSession.php(64): Illuminate\\Session\\Middleware\\StartSession->handleStatefulRequest()
#27 /media/pc_2/D4125A97125A7F04/wamp64/www/driving-car/driving-car-training-system/vendor/laravel/framework/src/Illuminate/Pipeline/Pipeline.php(183): Illuminate\\Session\\Middleware\\StartSession->handle()
#28 /media/pc_2/D4125A97125A7F04/wamp64/www/driving-car/driving-car-training-system/vendor/laravel/framework/src/Illuminate/Cookie/Middleware/AddQueuedCookiesToResponse.php(37): Illuminate\\Pipeline\\Pipeline->Illuminate\\Pipeline\\{closure}()
#29 /media/pc_2/D4125A97125A7F04/wamp64/www/driving-car/driving-car-training-system/vendor/laravel/framework/src/Illuminate/Pipeline/Pipeline.php(183): Illuminate\\Cookie\\Middleware\\AddQueuedCookiesToResponse->handle()
#30 /media/pc_2/D4125A97125A7F04/wamp64/www/driving-car/driving-car-training-system/vendor/laravel/framework/src/Illuminate/Cookie/Middleware/EncryptCookies.php(75): Illuminate\\Pipeline\\Pipeline->Illuminate\\Pipeline\\{closure}()
#31 /media/pc_2/D4125A97125A7F04/wamp64/www/driving-car/driving-car-training-system/vendor/laravel/framework/src/Illuminate/Pipeline/Pipeline.php(183): Illuminate\\Cookie\\Middleware\\EncryptCookies->handle()
#32 /media/pc_2/D4125A97125A7F04/wamp64/www/driving-car/driving-car-training-system/vendor/laravel/framework/src/Illuminate/Pipeline/Pipeline.php(119): Illuminate\\Pipeline\\Pipeline->Illuminate\\Pipeline\\{closure}()
#33 /media/pc_2/D4125A97125A7F04/wamp64/www/driving-car/driving-car-training-system/vendor/laravel/framework/src/Illuminate/Routing/Router.php(807): Illuminate\\Pipeline\\Pipeline->then()
#34 /media/pc_2/D4125A97125A7F04/wamp64/www/driving-car/driving-car-training-system/vendor/laravel/framework/src/Illuminate/Routing/Router.php(786): Illuminate\\Routing\\Router->runRouteWithinStack()
#35 /media/pc_2/D4125A97125A7F04/wamp64/www/driving-car/driving-car-training-system/vendor/laravel/framework/src/Illuminate/Routing/Router.php(750): Illuminate\\Routing\\Router->runRoute()
#36 /media/pc_2/D4125A97125A7F04/wamp64/www/driving-car/driving-car-training-system/vendor/laravel/framework/src/Illuminate/Routing/Router.php(739): Illuminate\\Routing\\Router->dispatchToRoute()
#37 /media/pc_2/D4125A97125A7F04/wamp64/www/driving-car/driving-car-training-system/vendor/laravel/framework/src/Illuminate/Foundation/Http/Kernel.php(201): Illuminate\\Routing\\Router->dispatch()
#38 /media/pc_2/D4125A97125A7F04/wamp64/www/driving-car/driving-car-training-system/vendor/laravel/framework/src/Illuminate/Pipeline/Pipeline.php(144): Illuminate\\Foundation\\Http\\Kernel->Illuminate\\Foundation\\Http\\{closure}()
#39 /media/pc_2/D4125A97125A7F04/wamp64/www/driving-car/driving-car-training-system/vendor/laravel/framework/src/Illuminate/Foundation/Http/Middleware/TransformsRequest.php(21): Illuminate\\Pipeline\\Pipeline->Illuminate\\Pipeline\\{closure}()
#40 /media/pc_2/D4125A97125A7F04/wamp64/www/driving-car/driving-car-training-system/vendor/laravel/framework/src/Illuminate/Foundation/Http/Middleware/ConvertEmptyStringsToNull.php(31): Illuminate\\Foundation\\Http\\Middleware\\TransformsRequest->handle()
#41 /media/pc_2/D4125A97125A7F04/wamp64/www/driving-car/driving-car-training-system/vendor/laravel/framework/src/Illuminate/Pipeline/Pipeline.php(183): Illuminate\\Foundation\\Http\\Middleware\\ConvertEmptyStringsToNull->handle()
#42 /media/pc_2/D4125A97125A7F04/wamp64/www/driving-car/driving-car-training-system/vendor/laravel/framework/src/Illuminate/Foundation/Http/Middleware/TransformsRequest.php(21): Illuminate\\Pipeline\\Pipeline->Illuminate\\Pipeline\\{closure}()
#43 /media/pc_2/D4125A97125A7F04/wamp64/www/driving-car/driving-car-training-system/vendor/laravel/framework/src/Illuminate/Foundation/Http/Middleware/TrimStrings.php(51): Illuminate\\Foundation\\Http\\Middleware\\TransformsRequest->handle()
#44 /media/pc_2/D4125A97125A7F04/wamp64/www/driving-car/driving-car-training-system/vendor/laravel/framework/src/Illuminate/Pipeline/Pipeline.php(183): Illuminate\\Foundation\\Http\\Middleware\\TrimStrings->handle()
#45 /media/pc_2/D4125A97125A7F04/wamp64/www/driving-car/driving-car-training-system/vendor/laravel/framework/src/Illuminate/Http/Middleware/ValidatePostSize.php(27): Illuminate\\Pipeline\\Pipeline->Illuminate\\Pipeline\\{closure}()
#46 /media/pc_2/D4125A97125A7F04/wamp64/www/driving-car/driving-car-training-system/vendor/laravel/framework/src/Illuminate/Pipeline/Pipeline.php(183): Illuminate\\Http\\Middleware\\ValidatePostSize->handle()
#47 /media/pc_2/D4125A97125A7F04/wamp64/www/driving-car/driving-car-training-system/vendor/laravel/framework/src/Illuminate/Foundation/Http/Middleware/PreventRequestsDuringMaintenance.php(110): Illuminate\\Pipeline\\Pipeline->Illuminate\\Pipeline\\{closure}()
#48 /media/pc_2/D4125A97125A7F04/wamp64/www/driving-car/driving-car-training-system/vendor/laravel/framework/src/Illuminate/Pipeline/Pipeline.php(183): Illuminate\\Foundation\\Http\\Middleware\\PreventRequestsDuringMaintenance->handle()
#49 /media/pc_2/D4125A97125A7F04/wamp64/www/driving-car/driving-car-training-system/vendor/laravel/framework/src/Illuminate/Http/Middleware/HandleCors.php(49): Illuminate\\Pipeline\\Pipeline->Illuminate\\Pipeline\\{closure}()
#50 /media/pc_2/D4125A97125A7F04/wamp64/www/driving-car/driving-car-training-system/vendor/laravel/framework/src/Illuminate/Pipeline/Pipeline.php(183): Illuminate\\Http\\Middleware\\HandleCors->handle()
#51 /media/pc_2/D4125A97125A7F04/wamp64/www/driving-car/driving-car-training-system/vendor/laravel/framework/src/Illuminate/Http/Middleware/TrustProxies.php(58): Illuminate\\Pipeline\\Pipeline->Illuminate\\Pipeline\\{closure}()
#52 /media/pc_2/D4125A97125A7F04/wamp64/www/driving-car/driving-car-training-system/vendor/laravel/framework/src/Illuminate/Pipeline/Pipeline.php(183): Illuminate\\Http\\Middleware\\TrustProxies->handle()
#53 /media/pc_2/D4125A97125A7F04/wamp64/www/driving-car/driving-car-training-system/vendor/laravel/framework/src/Illuminate/Foundation/Http/Middleware/InvokeDeferredCallbacks.php(22): Illuminate\\Pipeline\\Pipeline->Illuminate\\Pipeline\\{closure}()
#54 /media/pc_2/D4125A97125A7F04/wamp64/www/driving-car/driving-car-training-system/vendor/laravel/framework/src/Illuminate/Pipeline/Pipeline.php(183): Illuminate\\Foundation\\Http\\Middleware\\InvokeDeferredCallbacks->handle()
#55 /media/pc_2/D4125A97125A7F04/wamp64/www/driving-car/driving-car-training-system/vendor/laravel/framework/src/Illuminate/Pipeline/Pipeline.php(119): Illuminate\\Pipeline\\Pipeline->Illuminate\\Pipeline\\{closure}()
#56 /media/pc_2/D4125A97125A7F04/wamp64/www/driving-car/driving-car-training-system/vendor/laravel/framework/src/Illuminate/Foundation/Http/Kernel.php(176): Illuminate\\Pipeline\\Pipeline->then()
#57 /media/pc_2/D4125A97125A7F04/wamp64/www/driving-car/driving-car-training-system/vendor/laravel/framework/src/Illuminate/Foundation/Http/Kernel.php(145): Illuminate\\Foundation\\Http\\Kernel->sendRequestThroughRouter()
#58 /media/pc_2/D4125A97125A7F04/wamp64/www/driving-car/driving-car-training-system/vendor/laravel/framework/src/Illuminate/Foundation/Application.php(1188): Illuminate\\Foundation\\Http\\Kernel->handle()
#59 /media/pc_2/D4125A97125A7F04/wamp64/www/driving-car/driving-car-training-system/public/index.php(22): Illuminate\\Foundation\\Application->handleRequest()
#60 /media/pc_2/D4125A97125A7F04/wamp64/www/driving-car/driving-car-training-system/vendor/laravel/framework/src/Illuminate/Foundation/resources/server.php(23): require_once('...')
#61 {main}
"} 
