[2024-11-25 10:39:33] local.ERROR: SQLSTATE[HY000] [1045] Access denied for user 'root'@'localhost' (using password: NO) (Connection: mysql, SQL: delete from `cache`) {"exception":"[object] (Illuminate\\Database\\QueryException(code: 1045): SQLSTATE[HY000] [1045] Access denied for user 'root'@'localhost' (using password: NO) (Connection: mysql, SQL: delete from `cache`) at /media/pc_2/D4125A97125A7F04/wamp64/www/driving-car/driving-car-training-system/vendor/laravel/framework/src/Illuminate/Database/Connection.php:825)
[stacktrace]
#0 /media/pc_2/D4125A97125A7F04/wamp64/www/driving-car/driving-car-training-system/vendor/laravel/framework/src/Illuminate/Database/Connection.php(779): Illuminate\\Database\\Connection->runQueryCallback()
#1 /media/pc_2/D4125A97125A7F04/wamp64/www/driving-car/driving-car-training-system/vendor/laravel/framework/src/Illuminate/Database/Connection.php(584): Illuminate\\Database\\Connection->run()
#2 /media/pc_2/D4125A97125A7F04/wamp64/www/driving-car/driving-car-training-system/vendor/laravel/framework/src/Illuminate/Database/Connection.php(548): Illuminate\\Database\\Connection->affectingStatement()
#3 /media/pc_2/D4125A97125A7F04/wamp64/www/driving-car/driving-car-training-system/vendor/laravel/framework/src/Illuminate/Database/Query/Builder.php(4059): Illuminate\\Database\\Connection->delete()
#4 /media/pc_2/D4125A97125A7F04/wamp64/www/driving-car/driving-car-training-system/vendor/laravel/framework/src/Illuminate/Cache/DatabaseStore.php(419): Illuminate\\Database\\Query\\Builder->delete()
#5 /media/pc_2/D4125A97125A7F04/wamp64/www/driving-car/driving-car-training-system/vendor/laravel/framework/src/Illuminate/Cache/Repository.php(793): Illuminate\\Cache\\DatabaseStore->flush()
#6 /media/pc_2/D4125A97125A7F04/wamp64/www/driving-car/driving-car-training-system/vendor/laravel/framework/src/Illuminate/Cache/Console/ClearCommand.php(69): Illuminate\\Cache\\Repository->__call()
#7 /media/pc_2/D4125A97125A7F04/wamp64/www/driving-car/driving-car-training-system/vendor/laravel/framework/src/Illuminate/Container/BoundMethod.php(36): Illuminate\\Cache\\Console\\ClearCommand->handle()
#8 /media/pc_2/D4125A97125A7F04/wamp64/www/driving-car/driving-car-training-system/vendor/laravel/framework/src/Illuminate/Container/Util.php(43): Illuminate\\Container\\BoundMethod::Illuminate\\Container\\{closure}()
#9 /media/pc_2/D4125A97125A7F04/wamp64/www/driving-car/driving-car-training-system/vendor/laravel/framework/src/Illuminate/Container/BoundMethod.php(95): Illuminate\\Container\\Util::unwrapIfClosure()
#10 /media/pc_2/D4125A97125A7F04/wamp64/www/driving-car/driving-car-training-system/vendor/laravel/framework/src/Illuminate/Container/BoundMethod.php(35): Illuminate\\Container\\BoundMethod::callBoundMethod()
#11 /media/pc_2/D4125A97125A7F04/wamp64/www/driving-car/driving-car-training-system/vendor/laravel/framework/src/Illuminate/Container/Container.php(690): Illuminate\\Container\\BoundMethod::call()
#12 /media/pc_2/D4125A97125A7F04/wamp64/www/driving-car/driving-car-training-system/vendor/laravel/framework/src/Illuminate/Console/Command.php(213): Illuminate\\Container\\Container->call()
#13 /media/pc_2/D4125A97125A7F04/wamp64/www/driving-car/driving-car-training-system/vendor/symfony/console/Command/Command.php(279): Illuminate\\Console\\Command->execute()
#14 /media/pc_2/D4125A97125A7F04/wamp64/www/driving-car/driving-car-training-system/vendor/laravel/framework/src/Illuminate/Console/Command.php(182): Symfony\\Component\\Console\\Command\\Command->run()
#15 /media/pc_2/D4125A97125A7F04/wamp64/www/driving-car/driving-car-training-system/vendor/symfony/console/Application.php(1047): Illuminate\\Console\\Command->run()
#16 /media/pc_2/D4125A97125A7F04/wamp64/www/driving-car/driving-car-training-system/vendor/symfony/console/Application.php(316): Symfony\\Component\\Console\\Application->doRunCommand()
#17 /media/pc_2/D4125A97125A7F04/wamp64/www/driving-car/driving-car-training-system/vendor/symfony/console/Application.php(167): Symfony\\Component\\Console\\Application->doRun()
#18 /media/pc_2/D4125A97125A7F04/wamp64/www/driving-car/driving-car-training-system/vendor/laravel/framework/src/Illuminate/Foundation/Console/Kernel.php(197): Symfony\\Component\\Console\\Application->run()
#19 /media/pc_2/D4125A97125A7F04/wamp64/www/driving-car/driving-car-training-system/vendor/laravel/framework/src/Illuminate/Foundation/Application.php(1203): Illuminate\\Foundation\\Console\\Kernel->handle()
#20 /media/pc_2/D4125A97125A7F04/wamp64/www/driving-car/driving-car-training-system/artisan(13): Illuminate\\Foundation\\Application->handleCommand()
#21 {main}

[previous exception] [object] (PDOException(code: 1045): SQLSTATE[HY000] [1045] Access denied for user 'root'@'localhost' (using password: NO) at /media/pc_2/D4125A97125A7F04/wamp64/www/driving-car/driving-car-training-system/vendor/laravel/framework/src/Illuminate/Database/Connectors/Connector.php:66)
[stacktrace]
#0 /media/pc_2/D4125A97125A7F04/wamp64/www/driving-car/driving-car-training-system/vendor/laravel/framework/src/Illuminate/Database/Connectors/Connector.php(66): PDO->__construct()
#1 /media/pc_2/D4125A97125A7F04/wamp64/www/driving-car/driving-car-training-system/vendor/laravel/framework/src/Illuminate/Database/Connectors/Connector.php(44): Illuminate\\Database\\Connectors\\Connector->createPdoConnection()
#2 /media/pc_2/D4125A97125A7F04/wamp64/www/driving-car/driving-car-training-system/vendor/laravel/framework/src/Illuminate/Database/Connectors/MySqlConnector.php(24): Illuminate\\Database\\Connectors\\Connector->createConnection()
#3 /media/pc_2/D4125A97125A7F04/wamp64/www/driving-car/driving-car-training-system/vendor/laravel/framework/src/Illuminate/Database/Connectors/ConnectionFactory.php(185): Illuminate\\Database\\Connectors\\MySqlConnector->connect()
#4 [internal function]: Illuminate\\Database\\Connectors\\ConnectionFactory->Illuminate\\Database\\Connectors\\{closure}()
#5 /media/pc_2/D4125A97125A7F04/wamp64/www/driving-car/driving-car-training-system/vendor/laravel/framework/src/Illuminate/Database/Connection.php(1231): call_user_func()
#6 /media/pc_2/D4125A97125A7F04/wamp64/www/driving-car/driving-car-training-system/vendor/laravel/framework/src/Illuminate/Database/Connection.php(592): Illuminate\\Database\\Connection->getPdo()
#7 /media/pc_2/D4125A97125A7F04/wamp64/www/driving-car/driving-car-training-system/vendor/laravel/framework/src/Illuminate/Database/Connection.php(812): Illuminate\\Database\\Connection->Illuminate\\Database\\{closure}()
#8 /media/pc_2/D4125A97125A7F04/wamp64/www/driving-car/driving-car-training-system/vendor/laravel/framework/src/Illuminate/Database/Connection.php(779): Illuminate\\Database\\Connection->runQueryCallback()
#9 /media/pc_2/D4125A97125A7F04/wamp64/www/driving-car/driving-car-training-system/vendor/laravel/framework/src/Illuminate/Database/Connection.php(584): Illuminate\\Database\\Connection->run()
#10 /media/pc_2/D4125A97125A7F04/wamp64/www/driving-car/driving-car-training-system/vendor/laravel/framework/src/Illuminate/Database/Connection.php(548): Illuminate\\Database\\Connection->affectingStatement()
#11 /media/pc_2/D4125A97125A7F04/wamp64/www/driving-car/driving-car-training-system/vendor/laravel/framework/src/Illuminate/Database/Query/Builder.php(4059): Illuminate\\Database\\Connection->delete()
#12 /media/pc_2/D4125A97125A7F04/wamp64/www/driving-car/driving-car-training-system/vendor/laravel/framework/src/Illuminate/Cache/DatabaseStore.php(419): Illuminate\\Database\\Query\\Builder->delete()
#13 /media/pc_2/D4125A97125A7F04/wamp64/www/driving-car/driving-car-training-system/vendor/laravel/framework/src/Illuminate/Cache/Repository.php(793): Illuminate\\Cache\\DatabaseStore->flush()
#14 /media/pc_2/D4125A97125A7F04/wamp64/www/driving-car/driving-car-training-system/vendor/laravel/framework/src/Illuminate/Cache/Console/ClearCommand.php(69): Illuminate\\Cache\\Repository->__call()
#15 /media/pc_2/D4125A97125A7F04/wamp64/www/driving-car/driving-car-training-system/vendor/laravel/framework/src/Illuminate/Container/BoundMethod.php(36): Illuminate\\Cache\\Console\\ClearCommand->handle()
#16 /media/pc_2/D4125A97125A7F04/wamp64/www/driving-car/driving-car-training-system/vendor/laravel/framework/src/Illuminate/Container/Util.php(43): Illuminate\\Container\\BoundMethod::Illuminate\\Container\\{closure}()
#17 /media/pc_2/D4125A97125A7F04/wamp64/www/driving-car/driving-car-training-system/vendor/laravel/framework/src/Illuminate/Container/BoundMethod.php(95): Illuminate\\Container\\Util::unwrapIfClosure()
#18 /media/pc_2/D4125A97125A7F04/wamp64/www/driving-car/driving-car-training-system/vendor/laravel/framework/src/Illuminate/Container/BoundMethod.php(35): Illuminate\\Container\\BoundMethod::callBoundMethod()
#19 /media/pc_2/D4125A97125A7F04/wamp64/www/driving-car/driving-car-training-system/vendor/laravel/framework/src/Illuminate/Container/Container.php(690): Illuminate\\Container\\BoundMethod::call()
#20 /media/pc_2/D4125A97125A7F04/wamp64/www/driving-car/driving-car-training-system/vendor/laravel/framework/src/Illuminate/Console/Command.php(213): Illuminate\\Container\\Container->call()
#21 /media/pc_2/D4125A97125A7F04/wamp64/www/driving-car/driving-car-training-system/vendor/symfony/console/Command/Command.php(279): Illuminate\\Console\\Command->execute()
#22 /media/pc_2/D4125A97125A7F04/wamp64/www/driving-car/driving-car-training-system/vendor/laravel/framework/src/Illuminate/Console/Command.php(182): Symfony\\Component\\Console\\Command\\Command->run()
#23 /media/pc_2/D4125A97125A7F04/wamp64/www/driving-car/driving-car-training-system/vendor/symfony/console/Application.php(1047): Illuminate\\Console\\Command->run()
#24 /media/pc_2/D4125A97125A7F04/wamp64/www/driving-car/driving-car-training-system/vendor/symfony/console/Application.php(316): Symfony\\Component\\Console\\Application->doRunCommand()
#25 /media/pc_2/D4125A97125A7F04/wamp64/www/driving-car/driving-car-training-system/vendor/symfony/console/Application.php(167): Symfony\\Component\\Console\\Application->doRun()
#26 /media/pc_2/D4125A97125A7F04/wamp64/www/driving-car/driving-car-training-system/vendor/laravel/framework/src/Illuminate/Foundation/Console/Kernel.php(197): Symfony\\Component\\Console\\Application->run()
#27 /media/pc_2/D4125A97125A7F04/wamp64/www/driving-car/driving-car-training-system/vendor/laravel/framework/src/Illuminate/Foundation/Application.php(1203): Illuminate\\Foundation\\Console\\Kernel->handle()
#28 /media/pc_2/D4125A97125A7F04/wamp64/www/driving-car/driving-car-training-system/artisan(13): Illuminate\\Foundation\\Application->handleCommand()
#29 {main}
"} 
